[0.012s] Invoking command in '/home/rds/Desktop/git_ws/SLAM_repo/build/my_robot_gazebo': CMAKE_PREFIX_PATH=${CMAKE_PREFIX_PATH}:/home/rds/Desktop/git_ws/ROS_ws/install/opencv_tutorials:/home/rds/Desktop/git_ws/ROS_ws/install/first_package:/home/rds/Desktop/git_ws/ROS_ws/install/camera_app_pkg:/opt/ros/humble /usr/bin/cmake --build /home/rds/Desktop/git_ws/SLAM_repo/build/my_robot_gazebo -- -j8 -l8
[0.039s] Invoked command in '/home/rds/Desktop/git_ws/SLAM_repo/build/my_robot_gazebo' returned '0': CMAKE_PREFIX_PATH=${CMAKE_PREFIX_PATH}:/home/rds/Desktop/git_ws/ROS_ws/install/opencv_tutorials:/home/rds/Desktop/git_ws/ROS_ws/install/first_package:/home/rds/Desktop/git_ws/ROS_ws/install/camera_app_pkg:/opt/ros/humble /usr/bin/cmake --build /home/rds/Desktop/git_ws/SLAM_repo/build/my_robot_gazebo -- -j8 -l8
[0.061s] Invoking command in '/home/rds/Desktop/git_ws/SLAM_repo/build/my_robot_gazebo': CMAKE_PREFIX_PATH=${CMAKE_PREFIX_PATH}:/home/rds/Desktop/git_ws/ROS_ws/install/opencv_tutorials:/home/rds/Desktop/git_ws/ROS_ws/install/first_package:/home/rds/Desktop/git_ws/ROS_ws/install/camera_app_pkg:/opt/ros/humble /usr/bin/cmake --install /home/rds/Desktop/git_ws/SLAM_repo/build/my_robot_gazebo
[0.071s] -- Install configuration: ""
[0.071s] -- Up-to-date: /home/rds/Desktop/git_ws/SLAM_repo/install/my_robot_gazebo/share/my_robot_gazebo/launch
[0.071s] -- Up-to-date: /home/rds/Desktop/git_ws/SLAM_repo/install/my_robot_gazebo/share/my_robot_gazebo/launch/launch_sim.launch.xml
[0.072s] -- Up-to-date: /home/rds/Desktop/git_ws/SLAM_repo/install/my_robot_gazebo/share/my_robot_gazebo/config
[0.072s] -- Up-to-date: /home/rds/Desktop/git_ws/SLAM_repo/install/my_robot_gazebo/share/my_robot_gazebo/config/my_controllers.yaml
[0.072s] -- Up-to-date: /home/rds/Desktop/git_ws/SLAM_repo/install/my_robot_gazebo/share/my_robot_gazebo/worlds
[0.072s] -- Up-to-date: /home/rds/Desktop/git_ws/SLAM_repo/install/my_robot_gazebo/share/my_robot_gazebo/worlds/empty.world
[0.072s] -- Up-to-date: /home/rds/Desktop/git_ws/SLAM_repo/install/my_robot_gazebo/share/my_robot_gazebo/worlds/simple_building.world
[0.072s] -- Up-to-date: /home/rds/Desktop/git_ws/SLAM_repo/install/my_robot_gazebo/share/my_robot_gazebo/worlds/my_world.world
[0.072s] -- Up-to-date: /home/rds/Desktop/git_ws/SLAM_repo/install/my_robot_gazebo/share/my_robot_gazebo/models
[0.073s] -- Up-to-date: /home/rds/Desktop/git_ws/SLAM_repo/install/my_robot_gazebo/share/my_robot_gazebo/models/.empty
[0.073s] -- Up-to-date: /home/rds/Desktop/git_ws/SLAM_repo/install/my_robot_gazebo/share/my_robot_gazebo/models/my_world
[0.073s] -- Up-to-date: /home/rds/Desktop/git_ws/SLAM_repo/install/my_robot_gazebo/share/my_robot_gazebo/models/my_world/model.sdf
[0.074s] -- Up-to-date: /home/rds/Desktop/git_ws/SLAM_repo/install/my_robot_gazebo/share/my_robot_gazebo/models/my_world/model.config
[0.074s] -- Up-to-date: /home/rds/Desktop/git_ws/SLAM_repo/install/my_robot_gazebo/share/my_robot_gazebo/models/simple_building
[0.074s] -- Up-to-date: /home/rds/Desktop/git_ws/SLAM_repo/install/my_robot_gazebo/share/my_robot_gazebo/models/simple_building/model.sdf
[0.075s] -- Up-to-date: /home/rds/Desktop/git_ws/SLAM_repo/install/my_robot_gazebo/share/my_robot_gazebo/models/simple_building/model.config
[0.075s] -- Up-to-date: /home/rds/Desktop/git_ws/SLAM_repo/install/my_robot_gazebo/share/ament_index/resource_index/package_run_dependencies/my_robot_gazebo
[0.075s] -- Up-to-date: /home/rds/Desktop/git_ws/SLAM_repo/install/my_robot_gazebo/share/ament_index/resource_index/parent_prefix_path/my_robot_gazebo
[0.075s] -- Up-to-date: /home/rds/Desktop/git_ws/SLAM_repo/install/my_robot_gazebo/share/my_robot_gazebo/environment/ament_prefix_path.sh
[0.076s] -- Up-to-date: /home/rds/Desktop/git_ws/SLAM_repo/install/my_robot_gazebo/share/my_robot_gazebo/environment/ament_prefix_path.dsv
[0.076s] -- Up-to-date: /home/rds/Desktop/git_ws/SLAM_repo/install/my_robot_gazebo/share/my_robot_gazebo/environment/path.sh
[0.076s] -- Up-to-date: /home/rds/Desktop/git_ws/SLAM_repo/install/my_robot_gazebo/share/my_robot_gazebo/environment/path.dsv
[0.076s] -- Up-to-date: /home/rds/Desktop/git_ws/SLAM_repo/install/my_robot_gazebo/share/my_robot_gazebo/local_setup.bash
[0.077s] -- Up-to-date: /home/rds/Desktop/git_ws/SLAM_repo/install/my_robot_gazebo/share/my_robot_gazebo/local_setup.sh
[0.077s] -- Up-to-date: /home/rds/Desktop/git_ws/SLAM_repo/install/my_robot_gazebo/share/my_robot_gazebo/local_setup.zsh
[0.077s] -- Up-to-date: /home/rds/Desktop/git_ws/SLAM_repo/install/my_robot_gazebo/share/my_robot_gazebo/local_setup.dsv
[0.077s] -- Up-to-date: /home/rds/Desktop/git_ws/SLAM_repo/install/my_robot_gazebo/share/my_robot_gazebo/package.dsv
[0.077s] -- Up-to-date: /home/rds/Desktop/git_ws/SLAM_repo/install/my_robot_gazebo/share/ament_index/resource_index/packages/my_robot_gazebo
[0.077s] -- Up-to-date: /home/rds/Desktop/git_ws/SLAM_repo/install/my_robot_gazebo/share/my_robot_gazebo/cmake/my_robot_gazeboConfig.cmake
[0.077s] -- Up-to-date: /home/rds/Desktop/git_ws/SLAM_repo/install/my_robot_gazebo/share/my_robot_gazebo/cmake/my_robot_gazeboConfig-version.cmake
[0.077s] -- Up-to-date: /home/rds/Desktop/git_ws/SLAM_repo/install/my_robot_gazebo/share/my_robot_gazebo/package.xml
[0.081s] Invoked command in '/home/rds/Desktop/git_ws/SLAM_repo/build/my_robot_gazebo' returned '0': CMAKE_PREFIX_PATH=${CMAKE_PREFIX_PATH}:/home/rds/Desktop/git_ws/ROS_ws/install/opencv_tutorials:/home/rds/Desktop/git_ws/ROS_ws/install/first_package:/home/rds/Desktop/git_ws/ROS_ws/install/camera_app_pkg:/opt/ros/humble /usr/bin/cmake --install /home/rds/Desktop/git_ws/SLAM_repo/build/my_robot_gazebo
