[0.016s] Invoking command in '/home/rds/Desktop/git_ws/my_mobile/build/my_robot_navigation': CMAKE_PREFIX_PATH=${CMAKE_PREFIX_PATH}:/opt/ros/humble /usr/bin/cmake --build /home/rds/Desktop/git_ws/my_mobile/build/my_robot_navigation -- -j8 -l8
[0.046s] Invoked command in '/home/rds/Desktop/git_ws/my_mobile/build/my_robot_navigation' returned '0': CMAKE_PREFIX_PATH=${CMAKE_PREFIX_PATH}:/opt/ros/humble /usr/bin/cmake --build /home/rds/Desktop/git_ws/my_mobile/build/my_robot_navigation -- -j8 -l8
[0.080s] Invoking command in '/home/rds/Desktop/git_ws/my_mobile/build/my_robot_navigation': CMAKE_PREFIX_PATH=${CMAKE_PREFIX_PATH}:/opt/ros/humble /usr/bin/cmake --install /home/rds/Desktop/git_ws/my_mobile/build/my_robot_navigation
[0.082s] -- Install configuration: ""
[0.082s] -- Up-to-date: /home/rds/Desktop/git_ws/my_mobile/install/my_robot_navigation/share/my_robot_navigation/launch
[0.082s] -- Installing: /home/rds/Desktop/git_ws/my_mobile/install/my_robot_navigation/share/my_robot_navigation/launch/map_building.launch.xml
[0.082s] -- Up-to-date: /home/rds/Desktop/git_ws/my_mobile/install/my_robot_navigation/share/my_robot_navigation/config
[0.082s] -- Up-to-date: /home/rds/Desktop/git_ws/my_mobile/install/my_robot_navigation/share/my_robot_navigation/config/mapper_params.yaml
[0.083s] -- Up-to-date: /home/rds/Desktop/git_ws/my_mobile/install/my_robot_navigation/share/ament_index/resource_index/package_run_dependencies/my_robot_navigation
[0.083s] -- Up-to-date: /home/rds/Desktop/git_ws/my_mobile/install/my_robot_navigation/share/ament_index/resource_index/parent_prefix_path/my_robot_navigation
[0.083s] -- Up-to-date: /home/rds/Desktop/git_ws/my_mobile/install/my_robot_navigation/share/my_robot_navigation/environment/ament_prefix_path.sh
[0.083s] -- Up-to-date: /home/rds/Desktop/git_ws/my_mobile/install/my_robot_navigation/share/my_robot_navigation/environment/ament_prefix_path.dsv
[0.083s] -- Up-to-date: /home/rds/Desktop/git_ws/my_mobile/install/my_robot_navigation/share/my_robot_navigation/environment/path.sh
[0.083s] -- Up-to-date: /home/rds/Desktop/git_ws/my_mobile/install/my_robot_navigation/share/my_robot_navigation/environment/path.dsv
[0.083s] -- Up-to-date: /home/rds/Desktop/git_ws/my_mobile/install/my_robot_navigation/share/my_robot_navigation/local_setup.bash
[0.083s] -- Up-to-date: /home/rds/Desktop/git_ws/my_mobile/install/my_robot_navigation/share/my_robot_navigation/local_setup.sh
[0.084s] -- Up-to-date: /home/rds/Desktop/git_ws/my_mobile/install/my_robot_navigation/share/my_robot_navigation/local_setup.zsh
[0.084s] -- Up-to-date: /home/rds/Desktop/git_ws/my_mobile/install/my_robot_navigation/share/my_robot_navigation/local_setup.dsv
[0.084s] -- Installing: /home/rds/Desktop/git_ws/my_mobile/install/my_robot_navigation/share/my_robot_navigation/package.dsv
[0.084s] -- Up-to-date: /home/rds/Desktop/git_ws/my_mobile/install/my_robot_navigation/share/ament_index/resource_index/packages/my_robot_navigation
[0.084s] -- Up-to-date: /home/rds/Desktop/git_ws/my_mobile/install/my_robot_navigation/share/my_robot_navigation/cmake/my_robot_navigationConfig.cmake
[0.084s] -- Up-to-date: /home/rds/Desktop/git_ws/my_mobile/install/my_robot_navigation/share/my_robot_navigation/cmake/my_robot_navigationConfig-version.cmake
[0.084s] -- Up-to-date: /home/rds/Desktop/git_ws/my_mobile/install/my_robot_navigation/share/my_robot_navigation/package.xml
[0.101s] Invoked command in '/home/rds/Desktop/git_ws/my_mobile/build/my_robot_navigation' returned '0': CMAKE_PREFIX_PATH=${CMAKE_PREFIX_PATH}:/opt/ros/humble /usr/bin/cmake --install /home/rds/Desktop/git_ws/my_mobile/build/my_robot_navigation
