[0.064s] DEBUG:colcon:Command line arguments: ['/usr/bin/colcon', 'build']
[0.064s] DEBUG:colcon:Parsed command line arguments: Namespace(log_base=None, log_level=None, verb_name='build', build_base='build', install_base='install', merge_install=False, symlink_install=False, test_result_base=None, continue_on_error=False, executor='parallel', parallel_workers=8, event_handlers=None, ignore_user_meta=False, metas=['./colcon.meta'], base_paths=['.'], packages_ignore=None, packages_ignore_regex=None, paths=None, packages_up_to=None, packages_up_to_regex=None, packages_above=None, packages_above_and_dependencies=None, packages_above_depth=None, packages_select_by_dep=None, packages_skip_by_dep=None, packages_skip_up_to=None, packages_select_build_failed=False, packages_skip_build_finished=False, packages_select_test_failures=False, packages_skip_test_passed=False, packages_select=None, packages_skip=None, packages_select_regex=None, packages_skip_regex=None, packages_start=None, packages_end=None, allow_overriding=[], cmake_args=None, cmake_target=None, cmake_target_skip_unavailable=False, cmake_clean_cache=False, cmake_clean_first=False, cmake_force_configure=False, ament_cmake_args=None, catkin_cmake_args=None, catkin_skip_building_tests=False, verb_parser=<colcon_defaults.argument_parser.defaults.DefaultArgumentsDecorator object at 0x79e28af2f7f0>, verb_extension=<colcon_core.verb.build.BuildVerb object at 0x79e28b074460>, main=<bound method BuildVerb.main of <colcon_core.verb.build.BuildVerb object at 0x79e28b074460>>)
[0.182s] Level 1:colcon.colcon_core.package_discovery:discover_packages(colcon_meta) check parameters
[0.183s] Level 1:colcon.colcon_core.package_discovery:discover_packages(recursive) check parameters
[0.183s] Level 1:colcon.colcon_core.package_discovery:discover_packages(ignore) check parameters
[0.183s] Level 1:colcon.colcon_core.package_discovery:discover_packages(path) check parameters
[0.183s] Level 1:colcon.colcon_core.package_discovery:discover_packages(colcon_meta) discover
[0.183s] Level 1:colcon.colcon_core.package_discovery:discover_packages(recursive) discover
[0.183s] INFO:colcon.colcon_core.package_discovery:Crawling recursively for packages in '/home/rds/Desktop/git_ws/SLAM_repo'
[0.183s] Level 1:colcon.colcon_core.package_identification:_identify(.) by extensions ['ignore', 'ignore_ament_install']
[0.183s] Level 1:colcon.colcon_core.package_identification:_identify(.) by extension 'ignore'
[0.183s] Level 1:colcon.colcon_core.package_identification:_identify(.) by extension 'ignore_ament_install'
[0.183s] Level 1:colcon.colcon_core.package_identification:_identify(.) by extensions ['colcon_pkg']
[0.183s] Level 1:colcon.colcon_core.package_identification:_identify(.) by extension 'colcon_pkg'
[0.183s] Level 1:colcon.colcon_core.package_identification:_identify(.) by extensions ['colcon_meta']
[0.183s] Level 1:colcon.colcon_core.package_identification:_identify(.) by extension 'colcon_meta'
[0.183s] Level 1:colcon.colcon_core.package_identification:_identify(.) by extensions ['ros']
[0.183s] Level 1:colcon.colcon_core.package_identification:_identify(.) by extension 'ros'
[0.198s] Level 1:colcon.colcon_core.package_identification:_identify(.) by extensions ['cmake', 'python']
[0.198s] Level 1:colcon.colcon_core.package_identification:_identify(.) by extension 'cmake'
[0.198s] Level 1:colcon.colcon_core.package_identification:_identify(.) by extension 'python'
[0.198s] Level 1:colcon.colcon_core.package_identification:_identify(.) by extensions ['python_setup_py']
[0.198s] Level 1:colcon.colcon_core.package_identification:_identify(.) by extension 'python_setup_py'
[0.198s] Level 1:colcon.colcon_core.package_identification:_identify(build) by extensions ['ignore', 'ignore_ament_install']
[0.198s] Level 1:colcon.colcon_core.package_identification:_identify(build) by extension 'ignore'
[0.198s] Level 1:colcon.colcon_core.package_identification:_identify(build) ignored
[0.198s] Level 1:colcon.colcon_core.package_identification:_identify(install) by extensions ['ignore', 'ignore_ament_install']
[0.198s] Level 1:colcon.colcon_core.package_identification:_identify(install) by extension 'ignore'
[0.198s] Level 1:colcon.colcon_core.package_identification:_identify(install) ignored
[0.198s] Level 1:colcon.colcon_core.package_identification:_identify(log) by extensions ['ignore', 'ignore_ament_install']
[0.198s] Level 1:colcon.colcon_core.package_identification:_identify(log) by extension 'ignore'
[0.198s] Level 1:colcon.colcon_core.package_identification:_identify(log) ignored
[0.199s] Level 1:colcon.colcon_core.package_identification:_identify(src) by extensions ['ignore', 'ignore_ament_install']
[0.199s] Level 1:colcon.colcon_core.package_identification:_identify(src) by extension 'ignore'
[0.199s] Level 1:colcon.colcon_core.package_identification:_identify(src) by extension 'ignore_ament_install'
[0.199s] Level 1:colcon.colcon_core.package_identification:_identify(src) by extensions ['colcon_pkg']
[0.199s] Level 1:colcon.colcon_core.package_identification:_identify(src) by extension 'colcon_pkg'
[0.199s] Level 1:colcon.colcon_core.package_identification:_identify(src) by extensions ['colcon_meta']
[0.199s] Level 1:colcon.colcon_core.package_identification:_identify(src) by extension 'colcon_meta'
[0.199s] Level 1:colcon.colcon_core.package_identification:_identify(src) by extensions ['ros']
[0.199s] Level 1:colcon.colcon_core.package_identification:_identify(src) by extension 'ros'
[0.199s] Level 1:colcon.colcon_core.package_identification:_identify(src) by extensions ['cmake', 'python']
[0.199s] Level 1:colcon.colcon_core.package_identification:_identify(src) by extension 'cmake'
[0.199s] Level 1:colcon.colcon_core.package_identification:_identify(src) by extension 'python'
[0.199s] Level 1:colcon.colcon_core.package_identification:_identify(src) by extensions ['python_setup_py']
[0.199s] Level 1:colcon.colcon_core.package_identification:_identify(src) by extension 'python_setup_py'
[0.199s] Level 1:colcon.colcon_core.package_identification:_identify(src/my_robot_description) by extensions ['ignore', 'ignore_ament_install']
[0.199s] Level 1:colcon.colcon_core.package_identification:_identify(src/my_robot_description) by extension 'ignore'
[0.199s] Level 1:colcon.colcon_core.package_identification:_identify(src/my_robot_description) by extension 'ignore_ament_install'
[0.199s] Level 1:colcon.colcon_core.package_identification:_identify(src/my_robot_description) by extensions ['colcon_pkg']
[0.199s] Level 1:colcon.colcon_core.package_identification:_identify(src/my_robot_description) by extension 'colcon_pkg'
[0.199s] Level 1:colcon.colcon_core.package_identification:_identify(src/my_robot_description) by extensions ['colcon_meta']
[0.199s] Level 1:colcon.colcon_core.package_identification:_identify(src/my_robot_description) by extension 'colcon_meta'
[0.199s] Level 1:colcon.colcon_core.package_identification:_identify(src/my_robot_description) by extensions ['ros']
[0.199s] Level 1:colcon.colcon_core.package_identification:_identify(src/my_robot_description) by extension 'ros'
[0.201s] DEBUG:colcon.colcon_core.package_identification:Package 'src/my_robot_description' with type 'ros.ament_cmake' and name 'my_robot_description'
[0.201s] Level 1:colcon.colcon_core.package_identification:_identify(src/my_robot_gazebo) by extensions ['ignore', 'ignore_ament_install']
[0.201s] Level 1:colcon.colcon_core.package_identification:_identify(src/my_robot_gazebo) by extension 'ignore'
[0.201s] Level 1:colcon.colcon_core.package_identification:_identify(src/my_robot_gazebo) by extension 'ignore_ament_install'
[0.201s] Level 1:colcon.colcon_core.package_identification:_identify(src/my_robot_gazebo) by extensions ['colcon_pkg']
[0.201s] Level 1:colcon.colcon_core.package_identification:_identify(src/my_robot_gazebo) by extension 'colcon_pkg'
[0.201s] Level 1:colcon.colcon_core.package_identification:_identify(src/my_robot_gazebo) by extensions ['colcon_meta']
[0.201s] Level 1:colcon.colcon_core.package_identification:_identify(src/my_robot_gazebo) by extension 'colcon_meta'
[0.201s] Level 1:colcon.colcon_core.package_identification:_identify(src/my_robot_gazebo) by extensions ['ros']
[0.201s] Level 1:colcon.colcon_core.package_identification:_identify(src/my_robot_gazebo) by extension 'ros'
[0.201s] DEBUG:colcon.colcon_core.package_identification:Package 'src/my_robot_gazebo' with type 'ros.ament_cmake' and name 'my_robot_gazebo'
[0.202s] Level 1:colcon.colcon_core.package_identification:_identify(src/my_robot_navigation) by extensions ['ignore', 'ignore_ament_install']
[0.202s] Level 1:colcon.colcon_core.package_identification:_identify(src/my_robot_navigation) by extension 'ignore'
[0.202s] Level 1:colcon.colcon_core.package_identification:_identify(src/my_robot_navigation) by extension 'ignore_ament_install'
[0.202s] Level 1:colcon.colcon_core.package_identification:_identify(src/my_robot_navigation) by extensions ['colcon_pkg']
[0.202s] Level 1:colcon.colcon_core.package_identification:_identify(src/my_robot_navigation) by extension 'colcon_pkg'
[0.202s] Level 1:colcon.colcon_core.package_identification:_identify(src/my_robot_navigation) by extensions ['colcon_meta']
[0.202s] Level 1:colcon.colcon_core.package_identification:_identify(src/my_robot_navigation) by extension 'colcon_meta'
[0.202s] Level 1:colcon.colcon_core.package_identification:_identify(src/my_robot_navigation) by extensions ['ros']
[0.202s] Level 1:colcon.colcon_core.package_identification:_identify(src/my_robot_navigation) by extension 'ros'
[0.202s] DEBUG:colcon.colcon_core.package_identification:Package 'src/my_robot_navigation' with type 'ros.ament_cmake' and name 'my_robot_navigation'
[0.202s] Level 1:colcon.colcon_core.package_discovery:discover_packages(recursive) using defaults
[0.202s] Level 1:colcon.colcon_core.package_discovery:discover_packages(ignore) discover
[0.202s] Level 1:colcon.colcon_core.package_discovery:discover_packages(ignore) using defaults
[0.202s] Level 1:colcon.colcon_core.package_discovery:discover_packages(path) discover
[0.202s] Level 1:colcon.colcon_core.package_discovery:discover_packages(path) using defaults
[0.214s] Level 1:colcon.colcon_core.package_discovery:discover_packages(prefix_path) check parameters
[0.214s] Level 1:colcon.colcon_core.package_discovery:discover_packages(prefix_path) discover
[0.215s] DEBUG:colcon.colcon_installed_package_information.package_discovery:Found 3 installed packages in /home/rds/Desktop/git_ws/SLAM_repo/install
[0.216s] DEBUG:colcon.colcon_installed_package_information.package_discovery:Found 3 installed packages in /home/rds/Desktop/git_ws/my_mobile/install
[0.216s] DEBUG:colcon.colcon_installed_package_information.package_discovery:Found 6 installed packages in /home/rds/Desktop/git_ws/ROS_ws/install
[0.217s] DEBUG:colcon.colcon_installed_package_information.package_discovery:Found 393 installed packages in /opt/ros/humble
[0.218s] Level 1:colcon.colcon_core.package_discovery:discover_packages(prefix_path) using defaults
[0.247s] Level 5:colcon.colcon_core.verb:set package 'my_robot_description' build argument 'cmake_args' from command line to 'None'
[0.247s] Level 5:colcon.colcon_core.verb:set package 'my_robot_description' build argument 'cmake_target' from command line to 'None'
[0.247s] Level 5:colcon.colcon_core.verb:set package 'my_robot_description' build argument 'cmake_target_skip_unavailable' from command line to 'False'
[0.247s] Level 5:colcon.colcon_core.verb:set package 'my_robot_description' build argument 'cmake_clean_cache' from command line to 'False'
[0.247s] Level 5:colcon.colcon_core.verb:set package 'my_robot_description' build argument 'cmake_clean_first' from command line to 'False'
[0.247s] Level 5:colcon.colcon_core.verb:set package 'my_robot_description' build argument 'cmake_force_configure' from command line to 'False'
[0.247s] Level 5:colcon.colcon_core.verb:set package 'my_robot_description' build argument 'ament_cmake_args' from command line to 'None'
[0.247s] Level 5:colcon.colcon_core.verb:set package 'my_robot_description' build argument 'catkin_cmake_args' from command line to 'None'
[0.247s] Level 5:colcon.colcon_core.verb:set package 'my_robot_description' build argument 'catkin_skip_building_tests' from command line to 'False'
[0.247s] DEBUG:colcon.colcon_core.verb:Building package 'my_robot_description' with the following arguments: {'ament_cmake_args': None, 'build_base': '/home/rds/Desktop/git_ws/SLAM_repo/build/my_robot_description', 'catkin_cmake_args': None, 'catkin_skip_building_tests': False, 'cmake_args': None, 'cmake_clean_cache': False, 'cmake_clean_first': False, 'cmake_force_configure': False, 'cmake_target': None, 'cmake_target_skip_unavailable': False, 'install_base': '/home/rds/Desktop/git_ws/SLAM_repo/install/my_robot_description', 'merge_install': False, 'path': '/home/rds/Desktop/git_ws/SLAM_repo/src/my_robot_description', 'symlink_install': False, 'test_result_base': None}
[0.247s] Level 5:colcon.colcon_core.verb:set package 'my_robot_gazebo' build argument 'cmake_args' from command line to 'None'
[0.247s] Level 5:colcon.colcon_core.verb:set package 'my_robot_gazebo' build argument 'cmake_target' from command line to 'None'
[0.247s] Level 5:colcon.colcon_core.verb:set package 'my_robot_gazebo' build argument 'cmake_target_skip_unavailable' from command line to 'False'
[0.247s] Level 5:colcon.colcon_core.verb:set package 'my_robot_gazebo' build argument 'cmake_clean_cache' from command line to 'False'
[0.247s] Level 5:colcon.colcon_core.verb:set package 'my_robot_gazebo' build argument 'cmake_clean_first' from command line to 'False'
[0.247s] Level 5:colcon.colcon_core.verb:set package 'my_robot_gazebo' build argument 'cmake_force_configure' from command line to 'False'
[0.247s] Level 5:colcon.colcon_core.verb:set package 'my_robot_gazebo' build argument 'ament_cmake_args' from command line to 'None'
[0.247s] Level 5:colcon.colcon_core.verb:set package 'my_robot_gazebo' build argument 'catkin_cmake_args' from command line to 'None'
[0.247s] Level 5:colcon.colcon_core.verb:set package 'my_robot_gazebo' build argument 'catkin_skip_building_tests' from command line to 'False'
[0.247s] DEBUG:colcon.colcon_core.verb:Building package 'my_robot_gazebo' with the following arguments: {'ament_cmake_args': None, 'build_base': '/home/rds/Desktop/git_ws/SLAM_repo/build/my_robot_gazebo', 'catkin_cmake_args': None, 'catkin_skip_building_tests': False, 'cmake_args': None, 'cmake_clean_cache': False, 'cmake_clean_first': False, 'cmake_force_configure': False, 'cmake_target': None, 'cmake_target_skip_unavailable': False, 'install_base': '/home/rds/Desktop/git_ws/SLAM_repo/install/my_robot_gazebo', 'merge_install': False, 'path': '/home/rds/Desktop/git_ws/SLAM_repo/src/my_robot_gazebo', 'symlink_install': False, 'test_result_base': None}
[0.247s] Level 5:colcon.colcon_core.verb:set package 'my_robot_navigation' build argument 'cmake_args' from command line to 'None'
[0.247s] Level 5:colcon.colcon_core.verb:set package 'my_robot_navigation' build argument 'cmake_target' from command line to 'None'
[0.247s] Level 5:colcon.colcon_core.verb:set package 'my_robot_navigation' build argument 'cmake_target_skip_unavailable' from command line to 'False'
[0.247s] Level 5:colcon.colcon_core.verb:set package 'my_robot_navigation' build argument 'cmake_clean_cache' from command line to 'False'
[0.247s] Level 5:colcon.colcon_core.verb:set package 'my_robot_navigation' build argument 'cmake_clean_first' from command line to 'False'
[0.247s] Level 5:colcon.colcon_core.verb:set package 'my_robot_navigation' build argument 'cmake_force_configure' from command line to 'False'
[0.247s] Level 5:colcon.colcon_core.verb:set package 'my_robot_navigation' build argument 'ament_cmake_args' from command line to 'None'
[0.248s] Level 5:colcon.colcon_core.verb:set package 'my_robot_navigation' build argument 'catkin_cmake_args' from command line to 'None'
[0.248s] Level 5:colcon.colcon_core.verb:set package 'my_robot_navigation' build argument 'catkin_skip_building_tests' from command line to 'False'
[0.248s] DEBUG:colcon.colcon_core.verb:Building package 'my_robot_navigation' with the following arguments: {'ament_cmake_args': None, 'build_base': '/home/rds/Desktop/git_ws/SLAM_repo/build/my_robot_navigation', 'catkin_cmake_args': None, 'catkin_skip_building_tests': False, 'cmake_args': None, 'cmake_clean_cache': False, 'cmake_clean_first': False, 'cmake_force_configure': False, 'cmake_target': None, 'cmake_target_skip_unavailable': False, 'install_base': '/home/rds/Desktop/git_ws/SLAM_repo/install/my_robot_navigation', 'merge_install': False, 'path': '/home/rds/Desktop/git_ws/SLAM_repo/src/my_robot_navigation', 'symlink_install': False, 'test_result_base': None}
[0.248s] INFO:colcon.colcon_core.executor:Executing jobs using 'parallel' executor
[0.248s] DEBUG:colcon.colcon_parallel_executor.executor.parallel:run_until_complete
[0.248s] INFO:colcon.colcon_ros.task.ament_cmake.build:Building ROS package in '/home/rds/Desktop/git_ws/SLAM_repo/src/my_robot_description' with build type 'ament_cmake'
[0.249s] INFO:colcon.colcon_cmake.task.cmake.build:Building CMake package in '/home/rds/Desktop/git_ws/SLAM_repo/src/my_robot_description'
[0.250s] INFO:colcon.colcon_core.plugin_system:Skipping extension 'colcon_core.shell.bat': Not used on non-Windows systems
[0.250s] INFO:colcon.colcon_core.shell:Skip shell extension 'powershell' for command environment: Not usable outside of PowerShell
[0.250s] DEBUG:colcon.colcon_core.shell:Skip shell extension 'dsv' for command environment
[0.253s] INFO:colcon.colcon_ros.task.ament_cmake.build:Building ROS package in '/home/rds/Desktop/git_ws/SLAM_repo/src/my_robot_gazebo' with build type 'ament_cmake'
[0.253s] INFO:colcon.colcon_cmake.task.cmake.build:Building CMake package in '/home/rds/Desktop/git_ws/SLAM_repo/src/my_robot_gazebo'
[0.253s] INFO:colcon.colcon_core.shell:Skip shell extension 'powershell' for command environment: Not usable outside of PowerShell
[0.253s] DEBUG:colcon.colcon_core.shell:Skip shell extension 'dsv' for command environment
[0.256s] INFO:colcon.colcon_ros.task.ament_cmake.build:Building ROS package in '/home/rds/Desktop/git_ws/SLAM_repo/src/my_robot_navigation' with build type 'ament_cmake'
[0.256s] INFO:colcon.colcon_cmake.task.cmake.build:Building CMake package in '/home/rds/Desktop/git_ws/SLAM_repo/src/my_robot_navigation'
[0.256s] INFO:colcon.colcon_core.shell:Skip shell extension 'powershell' for command environment: Not usable outside of PowerShell
[0.256s] DEBUG:colcon.colcon_core.shell:Skip shell extension 'dsv' for command environment
[0.263s] DEBUG:colcon.colcon_core.event_handler.log_command:Invoking command in '/home/rds/Desktop/git_ws/SLAM_repo/build/my_robot_description': CMAKE_PREFIX_PATH=${CMAKE_PREFIX_PATH}:/home/rds/Desktop/git_ws/ROS_ws/install/opencv_tutorials:/home/rds/Desktop/git_ws/ROS_ws/install/first_package:/home/rds/Desktop/git_ws/ROS_ws/install/camera_app_pkg:/opt/ros/humble /usr/bin/cmake /home/rds/Desktop/git_ws/SLAM_repo/src/my_robot_description -DCMAKE_INSTALL_PREFIX=/home/rds/Desktop/git_ws/SLAM_repo/install/my_robot_description
[0.264s] DEBUG:colcon.colcon_core.event_handler.log_command:Invoking command in '/home/rds/Desktop/git_ws/SLAM_repo/build/my_robot_gazebo': CMAKE_PREFIX_PATH=${CMAKE_PREFIX_PATH}:/home/rds/Desktop/git_ws/ROS_ws/install/opencv_tutorials:/home/rds/Desktop/git_ws/ROS_ws/install/first_package:/home/rds/Desktop/git_ws/ROS_ws/install/camera_app_pkg:/opt/ros/humble /usr/bin/cmake /home/rds/Desktop/git_ws/SLAM_repo/src/my_robot_gazebo -DCMAKE_INSTALL_PREFIX=/home/rds/Desktop/git_ws/SLAM_repo/install/my_robot_gazebo
[0.267s] DEBUG:colcon.colcon_core.event_handler.log_command:Invoking command in '/home/rds/Desktop/git_ws/SLAM_repo/build/my_robot_navigation': CMAKE_PREFIX_PATH=${CMAKE_PREFIX_PATH}:/home/rds/Desktop/git_ws/ROS_ws/install/opencv_tutorials:/home/rds/Desktop/git_ws/ROS_ws/install/first_package:/home/rds/Desktop/git_ws/ROS_ws/install/camera_app_pkg:/opt/ros/humble /usr/bin/cmake /home/rds/Desktop/git_ws/SLAM_repo/src/my_robot_navigation -DCMAKE_INSTALL_PREFIX=/home/rds/Desktop/git_ws/SLAM_repo/install/my_robot_navigation
[0.736s] DEBUG:colcon.colcon_core.event_handler.log_command:Invoked command in '/home/rds/Desktop/git_ws/SLAM_repo/build/my_robot_gazebo' returned '0': CMAKE_PREFIX_PATH=${CMAKE_PREFIX_PATH}:/home/rds/Desktop/git_ws/ROS_ws/install/opencv_tutorials:/home/rds/Desktop/git_ws/ROS_ws/install/first_package:/home/rds/Desktop/git_ws/ROS_ws/install/camera_app_pkg:/opt/ros/humble /usr/bin/cmake /home/rds/Desktop/git_ws/SLAM_repo/src/my_robot_gazebo -DCMAKE_INSTALL_PREFIX=/home/rds/Desktop/git_ws/SLAM_repo/install/my_robot_gazebo
[0.739s] DEBUG:colcon.colcon_core.event_handler.log_command:Invoking command in '/home/rds/Desktop/git_ws/SLAM_repo/build/my_robot_gazebo': CMAKE_PREFIX_PATH=${CMAKE_PREFIX_PATH}:/home/rds/Desktop/git_ws/ROS_ws/install/opencv_tutorials:/home/rds/Desktop/git_ws/ROS_ws/install/first_package:/home/rds/Desktop/git_ws/ROS_ws/install/camera_app_pkg:/opt/ros/humble /usr/bin/cmake --build /home/rds/Desktop/git_ws/SLAM_repo/build/my_robot_gazebo -- -j8 -l8
[0.742s] DEBUG:colcon.colcon_core.event_handler.log_command:Invoked command in '/home/rds/Desktop/git_ws/SLAM_repo/build/my_robot_navigation' returned '0': CMAKE_PREFIX_PATH=${CMAKE_PREFIX_PATH}:/home/rds/Desktop/git_ws/ROS_ws/install/opencv_tutorials:/home/rds/Desktop/git_ws/ROS_ws/install/first_package:/home/rds/Desktop/git_ws/ROS_ws/install/camera_app_pkg:/opt/ros/humble /usr/bin/cmake /home/rds/Desktop/git_ws/SLAM_repo/src/my_robot_navigation -DCMAKE_INSTALL_PREFIX=/home/rds/Desktop/git_ws/SLAM_repo/install/my_robot_navigation
[0.744s] DEBUG:colcon.colcon_core.event_handler.log_command:Invoking command in '/home/rds/Desktop/git_ws/SLAM_repo/build/my_robot_navigation': CMAKE_PREFIX_PATH=${CMAKE_PREFIX_PATH}:/home/rds/Desktop/git_ws/ROS_ws/install/opencv_tutorials:/home/rds/Desktop/git_ws/ROS_ws/install/first_package:/home/rds/Desktop/git_ws/ROS_ws/install/camera_app_pkg:/opt/ros/humble /usr/bin/cmake --build /home/rds/Desktop/git_ws/SLAM_repo/build/my_robot_navigation -- -j8 -l8
[0.753s] DEBUG:colcon.colcon_core.event_handler.log_command:Invoked command in '/home/rds/Desktop/git_ws/SLAM_repo/build/my_robot_description' returned '0': CMAKE_PREFIX_PATH=${CMAKE_PREFIX_PATH}:/home/rds/Desktop/git_ws/ROS_ws/install/opencv_tutorials:/home/rds/Desktop/git_ws/ROS_ws/install/first_package:/home/rds/Desktop/git_ws/ROS_ws/install/camera_app_pkg:/opt/ros/humble /usr/bin/cmake /home/rds/Desktop/git_ws/SLAM_repo/src/my_robot_description -DCMAKE_INSTALL_PREFIX=/home/rds/Desktop/git_ws/SLAM_repo/install/my_robot_description
[0.755s] DEBUG:colcon.colcon_core.event_handler.log_command:Invoking command in '/home/rds/Desktop/git_ws/SLAM_repo/build/my_robot_description': CMAKE_PREFIX_PATH=${CMAKE_PREFIX_PATH}:/home/rds/Desktop/git_ws/ROS_ws/install/opencv_tutorials:/home/rds/Desktop/git_ws/ROS_ws/install/first_package:/home/rds/Desktop/git_ws/ROS_ws/install/camera_app_pkg:/opt/ros/humble /usr/bin/cmake --build /home/rds/Desktop/git_ws/SLAM_repo/build/my_robot_description -- -j8 -l8
[0.789s] DEBUG:colcon.colcon_core.event_handler.log_command:Invoked command in '/home/rds/Desktop/git_ws/SLAM_repo/build/my_robot_gazebo' returned '0': CMAKE_PREFIX_PATH=${CMAKE_PREFIX_PATH}:/home/rds/Desktop/git_ws/ROS_ws/install/opencv_tutorials:/home/rds/Desktop/git_ws/ROS_ws/install/first_package:/home/rds/Desktop/git_ws/ROS_ws/install/camera_app_pkg:/opt/ros/humble /usr/bin/cmake --build /home/rds/Desktop/git_ws/SLAM_repo/build/my_robot_gazebo -- -j8 -l8
[0.792s] DEBUG:colcon.colcon_core.event_handler.log_command:Invoked command in '/home/rds/Desktop/git_ws/SLAM_repo/build/my_robot_navigation' returned '0': CMAKE_PREFIX_PATH=${CMAKE_PREFIX_PATH}:/home/rds/Desktop/git_ws/ROS_ws/install/opencv_tutorials:/home/rds/Desktop/git_ws/ROS_ws/install/first_package:/home/rds/Desktop/git_ws/ROS_ws/install/camera_app_pkg:/opt/ros/humble /usr/bin/cmake --build /home/rds/Desktop/git_ws/SLAM_repo/build/my_robot_navigation -- -j8 -l8
[0.797s] DEBUG:colcon.colcon_core.event_handler.log_command:Invoked command in '/home/rds/Desktop/git_ws/SLAM_repo/build/my_robot_description' returned '0': CMAKE_PREFIX_PATH=${CMAKE_PREFIX_PATH}:/home/rds/Desktop/git_ws/ROS_ws/install/opencv_tutorials:/home/rds/Desktop/git_ws/ROS_ws/install/first_package:/home/rds/Desktop/git_ws/ROS_ws/install/camera_app_pkg:/opt/ros/humble /usr/bin/cmake --build /home/rds/Desktop/git_ws/SLAM_repo/build/my_robot_description -- -j8 -l8
[0.813s] DEBUG:colcon.colcon_core.event_handler.log_command:Invoking command in '/home/rds/Desktop/git_ws/SLAM_repo/build/my_robot_gazebo': CMAKE_PREFIX_PATH=${CMAKE_PREFIX_PATH}:/home/rds/Desktop/git_ws/ROS_ws/install/opencv_tutorials:/home/rds/Desktop/git_ws/ROS_ws/install/first_package:/home/rds/Desktop/git_ws/ROS_ws/install/camera_app_pkg:/opt/ros/humble /usr/bin/cmake --install /home/rds/Desktop/git_ws/SLAM_repo/build/my_robot_gazebo
[0.814s] DEBUG:colcon.colcon_core.event_handler.log_command:Invoking command in '/home/rds/Desktop/git_ws/SLAM_repo/build/my_robot_navigation': CMAKE_PREFIX_PATH=${CMAKE_PREFIX_PATH}:/home/rds/Desktop/git_ws/ROS_ws/install/opencv_tutorials:/home/rds/Desktop/git_ws/ROS_ws/install/first_package:/home/rds/Desktop/git_ws/ROS_ws/install/camera_app_pkg:/opt/ros/humble /usr/bin/cmake --install /home/rds/Desktop/git_ws/SLAM_repo/build/my_robot_navigation
[0.815s] DEBUG:colcon.colcon_core.event_handler.log_command:Invoking command in '/home/rds/Desktop/git_ws/SLAM_repo/build/my_robot_description': CMAKE_PREFIX_PATH=${CMAKE_PREFIX_PATH}:/home/rds/Desktop/git_ws/ROS_ws/install/opencv_tutorials:/home/rds/Desktop/git_ws/ROS_ws/install/first_package:/home/rds/Desktop/git_ws/ROS_ws/install/camera_app_pkg:/opt/ros/humble /usr/bin/cmake --install /home/rds/Desktop/git_ws/SLAM_repo/build/my_robot_description
[0.823s] Level 1:colcon.colcon_core.environment:create_environment_scripts_only(my_robot_navigation)
[0.825s] DEBUG:colcon.colcon_core.event_handler.log_command:Invoked command in '/home/rds/Desktop/git_ws/SLAM_repo/build/my_robot_navigation' returned '0': CMAKE_PREFIX_PATH=${CMAKE_PREFIX_PATH}:/home/rds/Desktop/git_ws/ROS_ws/install/opencv_tutorials:/home/rds/Desktop/git_ws/ROS_ws/install/first_package:/home/rds/Desktop/git_ws/ROS_ws/install/camera_app_pkg:/opt/ros/humble /usr/bin/cmake --install /home/rds/Desktop/git_ws/SLAM_repo/build/my_robot_navigation
[0.827s] Level 1:colcon.colcon_core.environment:checking '/home/rds/Desktop/git_ws/SLAM_repo/install/my_robot_navigation' for CMake module files
[0.827s] Level 1:colcon.colcon_core.environment:checking '/home/rds/Desktop/git_ws/SLAM_repo/install/my_robot_navigation' for CMake config files
[0.828s] Level 1:colcon.colcon_core.shell:create_environment_hook('my_robot_navigation', 'cmake_prefix_path')
[0.828s] INFO:colcon.colcon_core.shell:Creating environment hook '/home/rds/Desktop/git_ws/SLAM_repo/install/my_robot_navigation/share/my_robot_navigation/hook/cmake_prefix_path.ps1'
[0.829s] INFO:colcon.colcon_core.shell:Creating environment descriptor '/home/rds/Desktop/git_ws/SLAM_repo/install/my_robot_navigation/share/my_robot_navigation/hook/cmake_prefix_path.dsv'
[0.829s] INFO:colcon.colcon_core.shell:Creating environment hook '/home/rds/Desktop/git_ws/SLAM_repo/install/my_robot_navigation/share/my_robot_navigation/hook/cmake_prefix_path.sh'
[0.830s] Level 1:colcon.colcon_core.environment:checking '/home/rds/Desktop/git_ws/SLAM_repo/install/my_robot_navigation/bin'
[0.830s] Level 1:colcon.colcon_core.environment:checking '/home/rds/Desktop/git_ws/SLAM_repo/install/my_robot_navigation/lib/pkgconfig/my_robot_navigation.pc'
[0.830s] Level 1:colcon.colcon_core.environment:checking '/home/rds/Desktop/git_ws/SLAM_repo/install/my_robot_navigation/lib/python3.10/site-packages'
[0.830s] Level 1:colcon.colcon_core.environment:checking '/home/rds/Desktop/git_ws/SLAM_repo/install/my_robot_navigation/bin'
[0.831s] INFO:colcon.colcon_core.shell:Creating package script '/home/rds/Desktop/git_ws/SLAM_repo/install/my_robot_navigation/share/my_robot_navigation/package.ps1'
[0.831s] INFO:colcon.colcon_core.shell:Creating package descriptor '/home/rds/Desktop/git_ws/SLAM_repo/install/my_robot_navigation/share/my_robot_navigation/package.dsv'
[0.832s] INFO:colcon.colcon_core.shell:Creating package script '/home/rds/Desktop/git_ws/SLAM_repo/install/my_robot_navigation/share/my_robot_navigation/package.sh'
[0.832s] INFO:colcon.colcon_core.shell:Creating package script '/home/rds/Desktop/git_ws/SLAM_repo/install/my_robot_navigation/share/my_robot_navigation/package.bash'
[0.833s] INFO:colcon.colcon_core.shell:Creating package script '/home/rds/Desktop/git_ws/SLAM_repo/install/my_robot_navigation/share/my_robot_navigation/package.zsh'
[0.834s] Level 1:colcon.colcon_core.environment:create_file_with_runtime_dependencies(/home/rds/Desktop/git_ws/SLAM_repo/install/my_robot_navigation/share/colcon-core/packages/my_robot_navigation)
[0.834s] Level 1:colcon.colcon_core.environment:create_environment_scripts_only(my_robot_gazebo)
[0.835s] Level 1:colcon.colcon_core.environment:checking '/home/rds/Desktop/git_ws/SLAM_repo/install/my_robot_gazebo' for CMake module files
[0.835s] DEBUG:colcon.colcon_core.event_handler.log_command:Invoked command in '/home/rds/Desktop/git_ws/SLAM_repo/build/my_robot_gazebo' returned '0': CMAKE_PREFIX_PATH=${CMAKE_PREFIX_PATH}:/home/rds/Desktop/git_ws/ROS_ws/install/opencv_tutorials:/home/rds/Desktop/git_ws/ROS_ws/install/first_package:/home/rds/Desktop/git_ws/ROS_ws/install/camera_app_pkg:/opt/ros/humble /usr/bin/cmake --install /home/rds/Desktop/git_ws/SLAM_repo/build/my_robot_gazebo
[0.835s] Level 1:colcon.colcon_core.environment:checking '/home/rds/Desktop/git_ws/SLAM_repo/install/my_robot_gazebo' for CMake config files
[0.836s] Level 1:colcon.colcon_core.shell:create_environment_hook('my_robot_gazebo', 'cmake_prefix_path')
[0.836s] INFO:colcon.colcon_core.shell:Creating environment hook '/home/rds/Desktop/git_ws/SLAM_repo/install/my_robot_gazebo/share/my_robot_gazebo/hook/cmake_prefix_path.ps1'
[0.836s] INFO:colcon.colcon_core.shell:Creating environment descriptor '/home/rds/Desktop/git_ws/SLAM_repo/install/my_robot_gazebo/share/my_robot_gazebo/hook/cmake_prefix_path.dsv'
[0.836s] INFO:colcon.colcon_core.shell:Creating environment hook '/home/rds/Desktop/git_ws/SLAM_repo/install/my_robot_gazebo/share/my_robot_gazebo/hook/cmake_prefix_path.sh'
[0.837s] Level 1:colcon.colcon_core.environment:checking '/home/rds/Desktop/git_ws/SLAM_repo/install/my_robot_gazebo/bin'
[0.837s] Level 1:colcon.colcon_core.environment:checking '/home/rds/Desktop/git_ws/SLAM_repo/install/my_robot_gazebo/lib/pkgconfig/my_robot_gazebo.pc'
[0.837s] Level 1:colcon.colcon_core.environment:checking '/home/rds/Desktop/git_ws/SLAM_repo/install/my_robot_gazebo/lib/python3.10/site-packages'
[0.837s] Level 1:colcon.colcon_core.environment:checking '/home/rds/Desktop/git_ws/SLAM_repo/install/my_robot_gazebo/bin'
[0.838s] INFO:colcon.colcon_core.shell:Creating package script '/home/rds/Desktop/git_ws/SLAM_repo/install/my_robot_gazebo/share/my_robot_gazebo/package.ps1'
[0.838s] INFO:colcon.colcon_core.shell:Creating package descriptor '/home/rds/Desktop/git_ws/SLAM_repo/install/my_robot_gazebo/share/my_robot_gazebo/package.dsv'
[0.838s] INFO:colcon.colcon_core.shell:Creating package script '/home/rds/Desktop/git_ws/SLAM_repo/install/my_robot_gazebo/share/my_robot_gazebo/package.sh'
[0.838s] INFO:colcon.colcon_core.shell:Creating package script '/home/rds/Desktop/git_ws/SLAM_repo/install/my_robot_gazebo/share/my_robot_gazebo/package.bash'
[0.839s] INFO:colcon.colcon_core.shell:Creating package script '/home/rds/Desktop/git_ws/SLAM_repo/install/my_robot_gazebo/share/my_robot_gazebo/package.zsh'
[0.839s] Level 1:colcon.colcon_core.environment:create_file_with_runtime_dependencies(/home/rds/Desktop/git_ws/SLAM_repo/install/my_robot_gazebo/share/colcon-core/packages/my_robot_gazebo)
[0.840s] Level 1:colcon.colcon_core.environment:create_environment_scripts_only(my_robot_description)
[0.840s] Level 1:colcon.colcon_core.environment:checking '/home/rds/Desktop/git_ws/SLAM_repo/install/my_robot_description' for CMake module files
[0.841s] DEBUG:colcon.colcon_core.event_handler.log_command:Invoked command in '/home/rds/Desktop/git_ws/SLAM_repo/build/my_robot_description' returned '0': CMAKE_PREFIX_PATH=${CMAKE_PREFIX_PATH}:/home/rds/Desktop/git_ws/ROS_ws/install/opencv_tutorials:/home/rds/Desktop/git_ws/ROS_ws/install/first_package:/home/rds/Desktop/git_ws/ROS_ws/install/camera_app_pkg:/opt/ros/humble /usr/bin/cmake --install /home/rds/Desktop/git_ws/SLAM_repo/build/my_robot_description
[0.841s] Level 1:colcon.colcon_core.environment:checking '/home/rds/Desktop/git_ws/SLAM_repo/install/my_robot_description' for CMake config files
[0.842s] Level 1:colcon.colcon_core.shell:create_environment_hook('my_robot_description', 'cmake_prefix_path')
[0.842s] INFO:colcon.colcon_core.shell:Creating environment hook '/home/rds/Desktop/git_ws/SLAM_repo/install/my_robot_description/share/my_robot_description/hook/cmake_prefix_path.ps1'
[0.842s] INFO:colcon.colcon_core.shell:Creating environment descriptor '/home/rds/Desktop/git_ws/SLAM_repo/install/my_robot_description/share/my_robot_description/hook/cmake_prefix_path.dsv'
[0.842s] INFO:colcon.colcon_core.shell:Creating environment hook '/home/rds/Desktop/git_ws/SLAM_repo/install/my_robot_description/share/my_robot_description/hook/cmake_prefix_path.sh'
[0.843s] Level 1:colcon.colcon_core.environment:checking '/home/rds/Desktop/git_ws/SLAM_repo/install/my_robot_description/bin'
[0.843s] Level 1:colcon.colcon_core.environment:checking '/home/rds/Desktop/git_ws/SLAM_repo/install/my_robot_description/lib/pkgconfig/my_robot_description.pc'
[0.843s] Level 1:colcon.colcon_core.environment:checking '/home/rds/Desktop/git_ws/SLAM_repo/install/my_robot_description/lib/python3.10/site-packages'
[0.843s] Level 1:colcon.colcon_core.environment:checking '/home/rds/Desktop/git_ws/SLAM_repo/install/my_robot_description/bin'
[0.844s] INFO:colcon.colcon_core.shell:Creating package script '/home/rds/Desktop/git_ws/SLAM_repo/install/my_robot_description/share/my_robot_description/package.ps1'
[0.844s] INFO:colcon.colcon_core.shell:Creating package descriptor '/home/rds/Desktop/git_ws/SLAM_repo/install/my_robot_description/share/my_robot_description/package.dsv'
[0.844s] INFO:colcon.colcon_core.shell:Creating package script '/home/rds/Desktop/git_ws/SLAM_repo/install/my_robot_description/share/my_robot_description/package.sh'
[0.844s] INFO:colcon.colcon_core.shell:Creating package script '/home/rds/Desktop/git_ws/SLAM_repo/install/my_robot_description/share/my_robot_description/package.bash'
[0.844s] INFO:colcon.colcon_core.shell:Creating package script '/home/rds/Desktop/git_ws/SLAM_repo/install/my_robot_description/share/my_robot_description/package.zsh'
[0.844s] Level 1:colcon.colcon_core.environment:create_file_with_runtime_dependencies(/home/rds/Desktop/git_ws/SLAM_repo/install/my_robot_description/share/colcon-core/packages/my_robot_description)
[0.848s] Level 1:colcon.colcon_core.environment:create_environment_scripts_only(my_robot_navigation)
[0.848s] Level 1:colcon.colcon_core.environment:checking '/home/rds/Desktop/git_ws/SLAM_repo/install/my_robot_navigation' for CMake module files
[0.849s] Level 1:colcon.colcon_core.environment:checking '/home/rds/Desktop/git_ws/SLAM_repo/install/my_robot_navigation' for CMake config files
[0.850s] Level 1:colcon.colcon_core.shell:create_environment_hook('my_robot_navigation', 'cmake_prefix_path')
[0.850s] INFO:colcon.colcon_core.shell:Creating environment hook '/home/rds/Desktop/git_ws/SLAM_repo/install/my_robot_navigation/share/my_robot_navigation/hook/cmake_prefix_path.ps1'
[0.850s] INFO:colcon.colcon_core.shell:Creating environment descriptor '/home/rds/Desktop/git_ws/SLAM_repo/install/my_robot_navigation/share/my_robot_navigation/hook/cmake_prefix_path.dsv'
[0.850s] INFO:colcon.colcon_core.shell:Creating environment hook '/home/rds/Desktop/git_ws/SLAM_repo/install/my_robot_navigation/share/my_robot_navigation/hook/cmake_prefix_path.sh'
[0.851s] Level 1:colcon.colcon_core.environment:checking '/home/rds/Desktop/git_ws/SLAM_repo/install/my_robot_navigation/bin'
[0.851s] Level 1:colcon.colcon_core.environment:checking '/home/rds/Desktop/git_ws/SLAM_repo/install/my_robot_navigation/lib/pkgconfig/my_robot_navigation.pc'
[0.851s] Level 1:colcon.colcon_core.environment:checking '/home/rds/Desktop/git_ws/SLAM_repo/install/my_robot_navigation/lib/python3.10/site-packages'
[0.851s] Level 1:colcon.colcon_core.environment:checking '/home/rds/Desktop/git_ws/SLAM_repo/install/my_robot_navigation/bin'
[0.852s] INFO:colcon.colcon_core.shell:Creating package script '/home/rds/Desktop/git_ws/SLAM_repo/install/my_robot_navigation/share/my_robot_navigation/package.ps1'
[0.852s] INFO:colcon.colcon_core.shell:Creating package descriptor '/home/rds/Desktop/git_ws/SLAM_repo/install/my_robot_navigation/share/my_robot_navigation/package.dsv'
[0.852s] INFO:colcon.colcon_core.shell:Creating package script '/home/rds/Desktop/git_ws/SLAM_repo/install/my_robot_navigation/share/my_robot_navigation/package.sh'
[0.852s] INFO:colcon.colcon_core.shell:Creating package script '/home/rds/Desktop/git_ws/SLAM_repo/install/my_robot_navigation/share/my_robot_navigation/package.bash'
[0.853s] INFO:colcon.colcon_core.shell:Creating package script '/home/rds/Desktop/git_ws/SLAM_repo/install/my_robot_navigation/share/my_robot_navigation/package.zsh'
[0.853s] Level 1:colcon.colcon_core.environment:create_file_with_runtime_dependencies(/home/rds/Desktop/git_ws/SLAM_repo/install/my_robot_navigation/share/colcon-core/packages/my_robot_navigation)
[0.854s] Level 1:colcon.colcon_core.environment:create_environment_scripts_only(my_robot_gazebo)
[0.854s] Level 1:colcon.colcon_core.environment:checking '/home/rds/Desktop/git_ws/SLAM_repo/install/my_robot_gazebo' for CMake module files
[0.855s] Level 1:colcon.colcon_core.environment:checking '/home/rds/Desktop/git_ws/SLAM_repo/install/my_robot_gazebo' for CMake config files
[0.855s] Level 1:colcon.colcon_core.shell:create_environment_hook('my_robot_gazebo', 'cmake_prefix_path')
[0.855s] INFO:colcon.colcon_core.shell:Creating environment hook '/home/rds/Desktop/git_ws/SLAM_repo/install/my_robot_gazebo/share/my_robot_gazebo/hook/cmake_prefix_path.ps1'
[0.855s] INFO:colcon.colcon_core.shell:Creating environment descriptor '/home/rds/Desktop/git_ws/SLAM_repo/install/my_robot_gazebo/share/my_robot_gazebo/hook/cmake_prefix_path.dsv'
[0.855s] INFO:colcon.colcon_core.shell:Creating environment hook '/home/rds/Desktop/git_ws/SLAM_repo/install/my_robot_gazebo/share/my_robot_gazebo/hook/cmake_prefix_path.sh'
[0.856s] Level 1:colcon.colcon_core.environment:checking '/home/rds/Desktop/git_ws/SLAM_repo/install/my_robot_gazebo/bin'
[0.856s] Level 1:colcon.colcon_core.environment:checking '/home/rds/Desktop/git_ws/SLAM_repo/install/my_robot_gazebo/lib/pkgconfig/my_robot_gazebo.pc'
[0.856s] Level 1:colcon.colcon_core.environment:checking '/home/rds/Desktop/git_ws/SLAM_repo/install/my_robot_gazebo/lib/python3.10/site-packages'
[0.856s] Level 1:colcon.colcon_core.environment:checking '/home/rds/Desktop/git_ws/SLAM_repo/install/my_robot_gazebo/bin'
[0.856s] INFO:colcon.colcon_core.shell:Creating package script '/home/rds/Desktop/git_ws/SLAM_repo/install/my_robot_gazebo/share/my_robot_gazebo/package.ps1'
[0.856s] INFO:colcon.colcon_core.shell:Creating package descriptor '/home/rds/Desktop/git_ws/SLAM_repo/install/my_robot_gazebo/share/my_robot_gazebo/package.dsv'
[0.857s] INFO:colcon.colcon_core.shell:Creating package script '/home/rds/Desktop/git_ws/SLAM_repo/install/my_robot_gazebo/share/my_robot_gazebo/package.sh'
[0.857s] INFO:colcon.colcon_core.shell:Creating package script '/home/rds/Desktop/git_ws/SLAM_repo/install/my_robot_gazebo/share/my_robot_gazebo/package.bash'
[0.857s] INFO:colcon.colcon_core.shell:Creating package script '/home/rds/Desktop/git_ws/SLAM_repo/install/my_robot_gazebo/share/my_robot_gazebo/package.zsh'
[0.857s] Level 1:colcon.colcon_core.environment:create_file_with_runtime_dependencies(/home/rds/Desktop/git_ws/SLAM_repo/install/my_robot_gazebo/share/colcon-core/packages/my_robot_gazebo)
[0.860s] Level 1:colcon.colcon_core.environment:create_environment_scripts_only(my_robot_description)
[0.861s] Level 1:colcon.colcon_core.environment:checking '/home/rds/Desktop/git_ws/SLAM_repo/install/my_robot_description' for CMake module files
[0.861s] Level 1:colcon.colcon_core.environment:checking '/home/rds/Desktop/git_ws/SLAM_repo/install/my_robot_description' for CMake config files
[0.861s] Level 1:colcon.colcon_core.shell:create_environment_hook('my_robot_description', 'cmake_prefix_path')
[0.861s] INFO:colcon.colcon_core.shell:Creating environment hook '/home/rds/Desktop/git_ws/SLAM_repo/install/my_robot_description/share/my_robot_description/hook/cmake_prefix_path.ps1'
[0.861s] INFO:colcon.colcon_core.shell:Creating environment descriptor '/home/rds/Desktop/git_ws/SLAM_repo/install/my_robot_description/share/my_robot_description/hook/cmake_prefix_path.dsv'
[0.861s] INFO:colcon.colcon_core.shell:Creating environment hook '/home/rds/Desktop/git_ws/SLAM_repo/install/my_robot_description/share/my_robot_description/hook/cmake_prefix_path.sh'
[0.862s] Level 1:colcon.colcon_core.environment:checking '/home/rds/Desktop/git_ws/SLAM_repo/install/my_robot_description/bin'
[0.862s] Level 1:colcon.colcon_core.environment:checking '/home/rds/Desktop/git_ws/SLAM_repo/install/my_robot_description/lib/pkgconfig/my_robot_description.pc'
[0.862s] Level 1:colcon.colcon_core.environment:checking '/home/rds/Desktop/git_ws/SLAM_repo/install/my_robot_description/lib/python3.10/site-packages'
[0.862s] Level 1:colcon.colcon_core.environment:checking '/home/rds/Desktop/git_ws/SLAM_repo/install/my_robot_description/bin'
[0.862s] INFO:colcon.colcon_core.shell:Creating package script '/home/rds/Desktop/git_ws/SLAM_repo/install/my_robot_description/share/my_robot_description/package.ps1'
[0.863s] INFO:colcon.colcon_core.shell:Creating package descriptor '/home/rds/Desktop/git_ws/SLAM_repo/install/my_robot_description/share/my_robot_description/package.dsv'
[0.863s] INFO:colcon.colcon_core.shell:Creating package script '/home/rds/Desktop/git_ws/SLAM_repo/install/my_robot_description/share/my_robot_description/package.sh'
[0.863s] INFO:colcon.colcon_core.shell:Creating package script '/home/rds/Desktop/git_ws/SLAM_repo/install/my_robot_description/share/my_robot_description/package.bash'
[0.863s] INFO:colcon.colcon_core.shell:Creating package script '/home/rds/Desktop/git_ws/SLAM_repo/install/my_robot_description/share/my_robot_description/package.zsh'
[0.863s] Level 1:colcon.colcon_core.environment:create_file_with_runtime_dependencies(/home/rds/Desktop/git_ws/SLAM_repo/install/my_robot_description/share/colcon-core/packages/my_robot_description)
[0.864s] DEBUG:colcon.colcon_parallel_executor.executor.parallel:closing loop
[0.864s] DEBUG:colcon.colcon_parallel_executor.executor.parallel:loop closed
[0.864s] DEBUG:colcon.colcon_parallel_executor.executor.parallel:run_until_complete finished with '0'
[0.864s] DEBUG:colcon.colcon_core.event_reactor:joining thread
[0.870s] INFO:colcon.colcon_core.plugin_system:Skipping extension 'colcon_notification.desktop_notification.terminal_notifier': Not used on non-Darwin systems
[0.870s] INFO:colcon.colcon_core.plugin_system:Skipping extension 'colcon_notification.desktop_notification.win32': Not used on non-Windows systems
[0.870s] INFO:colcon.colcon_notification.desktop_notification:Sending desktop notification using 'notify2'
[0.878s] DEBUG:colcon.colcon_core.event_reactor:joined thread
[0.878s] INFO:colcon.colcon_core.shell:Creating prefix script '/home/rds/Desktop/git_ws/SLAM_repo/install/local_setup.ps1'
[0.879s] INFO:colcon.colcon_core.shell:Creating prefix util module '/home/rds/Desktop/git_ws/SLAM_repo/install/_local_setup_util_ps1.py'
[0.880s] INFO:colcon.colcon_core.shell:Creating prefix chain script '/home/rds/Desktop/git_ws/SLAM_repo/install/setup.ps1'
[0.882s] INFO:colcon.colcon_core.shell:Creating prefix script '/home/rds/Desktop/git_ws/SLAM_repo/install/local_setup.sh'
[0.882s] INFO:colcon.colcon_core.shell:Creating prefix util module '/home/rds/Desktop/git_ws/SLAM_repo/install/_local_setup_util_sh.py'
[0.883s] INFO:colcon.colcon_core.shell:Creating prefix chain script '/home/rds/Desktop/git_ws/SLAM_repo/install/setup.sh'
[0.884s] INFO:colcon.colcon_core.shell:Creating prefix script '/home/rds/Desktop/git_ws/SLAM_repo/install/local_setup.bash'
[0.884s] INFO:colcon.colcon_core.shell:Creating prefix chain script '/home/rds/Desktop/git_ws/SLAM_repo/install/setup.bash'
[0.885s] INFO:colcon.colcon_core.shell:Creating prefix script '/home/rds/Desktop/git_ws/SLAM_repo/install/local_setup.zsh'
[0.886s] INFO:colcon.colcon_core.shell:Creating prefix chain script '/home/rds/Desktop/git_ws/SLAM_repo/install/setup.zsh'
