[0.009s] Invoking command in '/home/rds/Desktop/git_ws/my_mobile/build/my_robot_gazebo': CMAKE_PREFIX_PATH=${CMAKE_PREFIX_PATH}:/opt/ros/humble /usr/bin/cmake --build /home/rds/Desktop/git_ws/my_mobile/build/my_robot_gazebo -- -j8 -l8
[0.029s] -- Found ament_cmake: 1.3.8 (/opt/ros/humble/share/ament_cmake/cmake)
[0.144s] -- Found ament_lint_auto: 0.12.10 (/opt/ros/humble/share/ament_lint_auto/cmake)
[0.200s] -- Added test 'lint_cmake' to check CMake code style
[0.201s] -- Added test 'xmllint' to check XML markup files
[0.201s] -- Configuring done
[0.203s] -- Generating done
[0.204s] -- Build files have been written to: /home/rds/Desktop/git_ws/my_mobile/build/my_robot_gazebo
[0.224s] Invoked command in '/home/rds/Desktop/git_ws/my_mobile/build/my_robot_gazebo' returned '0': CMAKE_PREFIX_PATH=${CMAKE_PREFIX_PATH}:/opt/ros/humble /usr/bin/cmake --build /home/rds/Desktop/git_ws/my_mobile/build/my_robot_gazebo -- -j8 -l8
[0.247s] Invoking command in '/home/rds/Desktop/git_ws/my_mobile/build/my_robot_gazebo': CMAKE_PREFIX_PATH=${CMAKE_PREFIX_PATH}:/opt/ros/humble /usr/bin/cmake --install /home/rds/Desktop/git_ws/my_mobile/build/my_robot_gazebo
[0.256s] -- Install configuration: ""
[0.256s] -- Up-to-date: /home/rds/Desktop/git_ws/my_mobile/install/my_robot_gazebo/share/my_robot_gazebo/launch
[0.256s] -- Installing: /home/rds/Desktop/git_ws/my_mobile/install/my_robot_gazebo/share/my_robot_gazebo/launch/launch_sim.launch.xml
[0.256s] -- Installing: /home/rds/Desktop/git_ws/my_mobile/install/my_robot_gazebo/share/my_robot_gazebo/config
[0.256s] -- Installing: /home/rds/Desktop/git_ws/my_mobile/install/my_robot_gazebo/share/my_robot_gazebo/config/my_controllers.yaml
[0.256s] -- Up-to-date: /home/rds/Desktop/git_ws/my_mobile/install/my_robot_gazebo/share/ament_index/resource_index/package_run_dependencies/my_robot_gazebo
[0.256s] -- Installing: /home/rds/Desktop/git_ws/my_mobile/install/my_robot_gazebo/share/ament_index/resource_index/parent_prefix_path/my_robot_gazebo
[0.256s] -- Up-to-date: /home/rds/Desktop/git_ws/my_mobile/install/my_robot_gazebo/share/my_robot_gazebo/environment/ament_prefix_path.sh
[0.256s] -- Installing: /home/rds/Desktop/git_ws/my_mobile/install/my_robot_gazebo/share/my_robot_gazebo/environment/ament_prefix_path.dsv
[0.256s] -- Up-to-date: /home/rds/Desktop/git_ws/my_mobile/install/my_robot_gazebo/share/my_robot_gazebo/environment/path.sh
[0.256s] -- Installing: /home/rds/Desktop/git_ws/my_mobile/install/my_robot_gazebo/share/my_robot_gazebo/environment/path.dsv
[0.256s] -- Up-to-date: /home/rds/Desktop/git_ws/my_mobile/install/my_robot_gazebo/share/my_robot_gazebo/local_setup.bash
[0.256s] -- Up-to-date: /home/rds/Desktop/git_ws/my_mobile/install/my_robot_gazebo/share/my_robot_gazebo/local_setup.sh
[0.256s] -- Up-to-date: /home/rds/Desktop/git_ws/my_mobile/install/my_robot_gazebo/share/my_robot_gazebo/local_setup.zsh
[0.256s] -- Installing: /home/rds/Desktop/git_ws/my_mobile/install/my_robot_gazebo/share/my_robot_gazebo/local_setup.dsv
[0.256s] -- Installing: /home/rds/Desktop/git_ws/my_mobile/install/my_robot_gazebo/share/my_robot_gazebo/package.dsv
[0.257s] -- Up-to-date: /home/rds/Desktop/git_ws/my_mobile/install/my_robot_gazebo/share/ament_index/resource_index/packages/my_robot_gazebo
[0.257s] -- Up-to-date: /home/rds/Desktop/git_ws/my_mobile/install/my_robot_gazebo/share/my_robot_gazebo/cmake/my_robot_gazeboConfig.cmake
[0.257s] -- Up-to-date: /home/rds/Desktop/git_ws/my_mobile/install/my_robot_gazebo/share/my_robot_gazebo/cmake/my_robot_gazeboConfig-version.cmake
[0.257s] -- Up-to-date: /home/rds/Desktop/git_ws/my_mobile/install/my_robot_gazebo/share/my_robot_gazebo/package.xml
[0.258s] Invoked command in '/home/rds/Desktop/git_ws/my_mobile/build/my_robot_gazebo' returned '0': CMAKE_PREFIX_PATH=${CMAKE_PREFIX_PATH}:/opt/ros/humble /usr/bin/cmake --install /home/rds/Desktop/git_ws/my_mobile/build/my_robot_gazebo
