[0.007s] Invoking command in '/home/rds/Desktop/git_ws/my_mobile/build/my_robot_description': CMAKE_PREFIX_PATH=/opt/ros/humble /usr/bin/cmake /home/rds/Desktop/git_ws/my_mobile/src/my_robot_description -DCMAKE_INSTALL_PREFIX=/home/rds/Desktop/git_ws/my_mobile/install/my_robot_description
[0.062s] -- The C compiler identification is GNU 11.4.0
[0.104s] -- The CXX compiler identification is GNU 11.4.0
[0.112s] -- Detecting C compiler ABI info
[0.161s] -- Detecting C compiler ABI info - done
[0.165s] -- Check for working C compiler: /usr/bin/cc - skipped
[0.165s] -- Detecting C compile features
[0.166s] -- Detecting C compile features - done
[0.168s] -- Detecting CXX compiler ABI info
[0.222s] -- Detecting CXX compiler ABI info - done
[0.227s] -- Check for working CXX compiler: /usr/bin/c++ - skipped
[0.227s] -- Detecting CXX compile features
[0.227s] -- Detecting CXX compile features - done
[0.230s] -- Found ament_cmake: 1.3.8 (/opt/ros/humble/share/ament_cmake/cmake)
[0.338s] -- Found Python3: /usr/bin/python3 (found version "3.10.12") found components: Interpreter 
[0.415s] -- Found ament_lint_auto: 0.12.10 (/opt/ros/humble/share/ament_lint_auto/cmake)
[0.477s] [31mCMake Error at CMakeLists.txt:25 (install):
[0.477s]   install DIRECTORY given no DESTINATION!
[0.477s] 
[0.477s] [0m
[0.481s] -- Added test 'lint_cmake' to check CMake code style
[0.483s] -- Added test 'xmllint' to check XML markup files
[0.484s] -- Configuring incomplete, errors occurred!
[0.484s] See also "/home/rds/Desktop/git_ws/my_mobile/build/my_robot_description/CMakeFiles/CMakeOutput.log".
[0.488s] Invoked command in '/home/rds/Desktop/git_ws/my_mobile/build/my_robot_description' returned '1': CMAKE_PREFIX_PATH=/opt/ros/humble /usr/bin/cmake /home/rds/Desktop/git_ws/my_mobile/src/my_robot_description -DCMAKE_INSTALL_PREFIX=/home/rds/Desktop/git_ws/my_mobile/install/my_robot_description
