[0.065s] DEBUG:colcon:Command line arguments: ['/usr/bin/colcon', 'build']
[0.065s] DEBUG:colcon:Parsed command line arguments: Namespace(log_base=None, log_level=None, verb_name='build', build_base='build', install_base='install', merge_install=False, symlink_install=False, test_result_base=None, continue_on_error=False, executor='parallel', parallel_workers=8, event_handlers=None, ignore_user_meta=False, metas=['./colcon.meta'], base_paths=['.'], packages_ignore=None, packages_ignore_regex=None, paths=None, packages_up_to=None, packages_up_to_regex=None, packages_above=None, packages_above_and_dependencies=None, packages_above_depth=None, packages_select_by_dep=None, packages_skip_by_dep=None, packages_skip_up_to=None, packages_select_build_failed=False, packages_skip_build_finished=False, packages_select_test_failures=False, packages_skip_test_passed=False, packages_select=None, packages_skip=None, packages_select_regex=None, packages_skip_regex=None, packages_start=None, packages_end=None, allow_overriding=[], cmake_args=None, cmake_target=None, cmake_target_skip_unavailable=False, cmake_clean_cache=False, cmake_clean_first=False, cmake_force_configure=False, ament_cmake_args=None, catkin_cmake_args=None, catkin_skip_building_tests=False, verb_parser=<colcon_defaults.argument_parser.defaults.DefaultArgumentsDecorator object at 0x71559343b7f0>, verb_extension=<colcon_core.verb.build.BuildVerb object at 0x715593580460>, main=<bound method BuildVerb.main of <colcon_core.verb.build.BuildVerb object at 0x715593580460>>)
[0.179s] Level 1:colcon.colcon_core.package_discovery:discover_packages(colcon_meta) check parameters
[0.179s] Level 1:colcon.colcon_core.package_discovery:discover_packages(recursive) check parameters
[0.179s] Level 1:colcon.colcon_core.package_discovery:discover_packages(ignore) check parameters
[0.179s] Level 1:colcon.colcon_core.package_discovery:discover_packages(path) check parameters
[0.179s] Level 1:colcon.colcon_core.package_discovery:discover_packages(colcon_meta) discover
[0.180s] Level 1:colcon.colcon_core.package_discovery:discover_packages(recursive) discover
[0.180s] INFO:colcon.colcon_core.package_discovery:Crawling recursively for packages in '/home/rds/Desktop/git_ws/SLAM_repo'
[0.180s] Level 1:colcon.colcon_core.package_identification:_identify(.) by extensions ['ignore', 'ignore_ament_install']
[0.180s] Level 1:colcon.colcon_core.package_identification:_identify(.) by extension 'ignore'
[0.180s] Level 1:colcon.colcon_core.package_identification:_identify(.) by extension 'ignore_ament_install'
[0.180s] Level 1:colcon.colcon_core.package_identification:_identify(.) by extensions ['colcon_pkg']
[0.180s] Level 1:colcon.colcon_core.package_identification:_identify(.) by extension 'colcon_pkg'
[0.180s] Level 1:colcon.colcon_core.package_identification:_identify(.) by extensions ['colcon_meta']
[0.180s] Level 1:colcon.colcon_core.package_identification:_identify(.) by extension 'colcon_meta'
[0.180s] Level 1:colcon.colcon_core.package_identification:_identify(.) by extensions ['ros']
[0.180s] Level 1:colcon.colcon_core.package_identification:_identify(.) by extension 'ros'
[0.194s] Level 1:colcon.colcon_core.package_identification:_identify(.) by extensions ['cmake', 'python']
[0.194s] Level 1:colcon.colcon_core.package_identification:_identify(.) by extension 'cmake'
[0.194s] Level 1:colcon.colcon_core.package_identification:_identify(.) by extension 'python'
[0.194s] Level 1:colcon.colcon_core.package_identification:_identify(.) by extensions ['python_setup_py']
[0.194s] Level 1:colcon.colcon_core.package_identification:_identify(.) by extension 'python_setup_py'
[0.194s] Level 1:colcon.colcon_core.package_identification:_identify(build) by extensions ['ignore', 'ignore_ament_install']
[0.194s] Level 1:colcon.colcon_core.package_identification:_identify(build) by extension 'ignore'
[0.194s] Level 1:colcon.colcon_core.package_identification:_identify(build) ignored
[0.194s] Level 1:colcon.colcon_core.package_identification:_identify(install) by extensions ['ignore', 'ignore_ament_install']
[0.194s] Level 1:colcon.colcon_core.package_identification:_identify(install) by extension 'ignore'
[0.194s] Level 1:colcon.colcon_core.package_identification:_identify(install) ignored
[0.194s] Level 1:colcon.colcon_core.package_identification:_identify(log) by extensions ['ignore', 'ignore_ament_install']
[0.194s] Level 1:colcon.colcon_core.package_identification:_identify(log) by extension 'ignore'
[0.194s] Level 1:colcon.colcon_core.package_identification:_identify(log) ignored
[0.194s] Level 1:colcon.colcon_core.package_identification:_identify(src) by extensions ['ignore', 'ignore_ament_install']
[0.194s] Level 1:colcon.colcon_core.package_identification:_identify(src) by extension 'ignore'
[0.194s] Level 1:colcon.colcon_core.package_identification:_identify(src) by extension 'ignore_ament_install'
[0.194s] Level 1:colcon.colcon_core.package_identification:_identify(src) by extensions ['colcon_pkg']
[0.194s] Level 1:colcon.colcon_core.package_identification:_identify(src) by extension 'colcon_pkg'
[0.194s] Level 1:colcon.colcon_core.package_identification:_identify(src) by extensions ['colcon_meta']
[0.194s] Level 1:colcon.colcon_core.package_identification:_identify(src) by extension 'colcon_meta'
[0.194s] Level 1:colcon.colcon_core.package_identification:_identify(src) by extensions ['ros']
[0.194s] Level 1:colcon.colcon_core.package_identification:_identify(src) by extension 'ros'
[0.194s] Level 1:colcon.colcon_core.package_identification:_identify(src) by extensions ['cmake', 'python']
[0.194s] Level 1:colcon.colcon_core.package_identification:_identify(src) by extension 'cmake'
[0.194s] Level 1:colcon.colcon_core.package_identification:_identify(src) by extension 'python'
[0.195s] Level 1:colcon.colcon_core.package_identification:_identify(src) by extensions ['python_setup_py']
[0.195s] Level 1:colcon.colcon_core.package_identification:_identify(src) by extension 'python_setup_py'
[0.195s] Level 1:colcon.colcon_core.package_identification:_identify(src/my_robot_description) by extensions ['ignore', 'ignore_ament_install']
[0.195s] Level 1:colcon.colcon_core.package_identification:_identify(src/my_robot_description) by extension 'ignore'
[0.195s] Level 1:colcon.colcon_core.package_identification:_identify(src/my_robot_description) by extension 'ignore_ament_install'
[0.195s] Level 1:colcon.colcon_core.package_identification:_identify(src/my_robot_description) by extensions ['colcon_pkg']
[0.195s] Level 1:colcon.colcon_core.package_identification:_identify(src/my_robot_description) by extension 'colcon_pkg'
[0.195s] Level 1:colcon.colcon_core.package_identification:_identify(src/my_robot_description) by extensions ['colcon_meta']
[0.195s] Level 1:colcon.colcon_core.package_identification:_identify(src/my_robot_description) by extension 'colcon_meta'
[0.195s] Level 1:colcon.colcon_core.package_identification:_identify(src/my_robot_description) by extensions ['ros']
[0.195s] Level 1:colcon.colcon_core.package_identification:_identify(src/my_robot_description) by extension 'ros'
[0.196s] DEBUG:colcon.colcon_core.package_identification:Package 'src/my_robot_description' with type 'ros.ament_cmake' and name 'my_robot_description'
[0.196s] Level 1:colcon.colcon_core.package_identification:_identify(src/my_robot_gazebo) by extensions ['ignore', 'ignore_ament_install']
[0.196s] Level 1:colcon.colcon_core.package_identification:_identify(src/my_robot_gazebo) by extension 'ignore'
[0.196s] Level 1:colcon.colcon_core.package_identification:_identify(src/my_robot_gazebo) by extension 'ignore_ament_install'
[0.197s] Level 1:colcon.colcon_core.package_identification:_identify(src/my_robot_gazebo) by extensions ['colcon_pkg']
[0.197s] Level 1:colcon.colcon_core.package_identification:_identify(src/my_robot_gazebo) by extension 'colcon_pkg'
[0.197s] Level 1:colcon.colcon_core.package_identification:_identify(src/my_robot_gazebo) by extensions ['colcon_meta']
[0.197s] Level 1:colcon.colcon_core.package_identification:_identify(src/my_robot_gazebo) by extension 'colcon_meta'
[0.197s] Level 1:colcon.colcon_core.package_identification:_identify(src/my_robot_gazebo) by extensions ['ros']
[0.197s] Level 1:colcon.colcon_core.package_identification:_identify(src/my_robot_gazebo) by extension 'ros'
[0.197s] DEBUG:colcon.colcon_core.package_identification:Package 'src/my_robot_gazebo' with type 'ros.ament_cmake' and name 'my_robot_gazebo'
[0.197s] Level 1:colcon.colcon_core.package_identification:_identify(src/my_robot_navigation) by extensions ['ignore', 'ignore_ament_install']
[0.197s] Level 1:colcon.colcon_core.package_identification:_identify(src/my_robot_navigation) by extension 'ignore'
[0.197s] Level 1:colcon.colcon_core.package_identification:_identify(src/my_robot_navigation) by extension 'ignore_ament_install'
[0.197s] Level 1:colcon.colcon_core.package_identification:_identify(src/my_robot_navigation) by extensions ['colcon_pkg']
[0.197s] Level 1:colcon.colcon_core.package_identification:_identify(src/my_robot_navigation) by extension 'colcon_pkg'
[0.197s] Level 1:colcon.colcon_core.package_identification:_identify(src/my_robot_navigation) by extensions ['colcon_meta']
[0.197s] Level 1:colcon.colcon_core.package_identification:_identify(src/my_robot_navigation) by extension 'colcon_meta'
[0.197s] Level 1:colcon.colcon_core.package_identification:_identify(src/my_robot_navigation) by extensions ['ros']
[0.197s] Level 1:colcon.colcon_core.package_identification:_identify(src/my_robot_navigation) by extension 'ros'
[0.197s] DEBUG:colcon.colcon_core.package_identification:Package 'src/my_robot_navigation' with type 'ros.ament_cmake' and name 'my_robot_navigation'
[0.197s] Level 1:colcon.colcon_core.package_discovery:discover_packages(recursive) using defaults
[0.197s] Level 1:colcon.colcon_core.package_discovery:discover_packages(ignore) discover
[0.197s] Level 1:colcon.colcon_core.package_discovery:discover_packages(ignore) using defaults
[0.198s] Level 1:colcon.colcon_core.package_discovery:discover_packages(path) discover
[0.198s] Level 1:colcon.colcon_core.package_discovery:discover_packages(path) using defaults
[0.209s] Level 1:colcon.colcon_core.package_discovery:discover_packages(prefix_path) check parameters
[0.209s] Level 1:colcon.colcon_core.package_discovery:discover_packages(prefix_path) discover
[0.211s] DEBUG:colcon.colcon_installed_package_information.package_discovery:Found 3 installed packages in /home/rds/Desktop/git_ws/SLAM_repo/install
[0.211s] DEBUG:colcon.colcon_installed_package_information.package_discovery:Found 3 installed packages in /home/rds/Desktop/git_ws/my_mobile/install
[0.211s] DEBUG:colcon.colcon_installed_package_information.package_discovery:Found 6 installed packages in /home/rds/Desktop/git_ws/ROS_ws/install
[0.212s] DEBUG:colcon.colcon_installed_package_information.package_discovery:Found 393 installed packages in /opt/ros/humble
[0.214s] Level 1:colcon.colcon_core.package_discovery:discover_packages(prefix_path) using defaults
[0.243s] Level 5:colcon.colcon_core.verb:set package 'my_robot_description' build argument 'cmake_args' from command line to 'None'
[0.243s] Level 5:colcon.colcon_core.verb:set package 'my_robot_description' build argument 'cmake_target' from command line to 'None'
[0.243s] Level 5:colcon.colcon_core.verb:set package 'my_robot_description' build argument 'cmake_target_skip_unavailable' from command line to 'False'
[0.243s] Level 5:colcon.colcon_core.verb:set package 'my_robot_description' build argument 'cmake_clean_cache' from command line to 'False'
[0.243s] Level 5:colcon.colcon_core.verb:set package 'my_robot_description' build argument 'cmake_clean_first' from command line to 'False'
[0.243s] Level 5:colcon.colcon_core.verb:set package 'my_robot_description' build argument 'cmake_force_configure' from command line to 'False'
[0.243s] Level 5:colcon.colcon_core.verb:set package 'my_robot_description' build argument 'ament_cmake_args' from command line to 'None'
[0.243s] Level 5:colcon.colcon_core.verb:set package 'my_robot_description' build argument 'catkin_cmake_args' from command line to 'None'
[0.243s] Level 5:colcon.colcon_core.verb:set package 'my_robot_description' build argument 'catkin_skip_building_tests' from command line to 'False'
[0.243s] DEBUG:colcon.colcon_core.verb:Building package 'my_robot_description' with the following arguments: {'ament_cmake_args': None, 'build_base': '/home/rds/Desktop/git_ws/SLAM_repo/build/my_robot_description', 'catkin_cmake_args': None, 'catkin_skip_building_tests': False, 'cmake_args': None, 'cmake_clean_cache': False, 'cmake_clean_first': False, 'cmake_force_configure': False, 'cmake_target': None, 'cmake_target_skip_unavailable': False, 'install_base': '/home/rds/Desktop/git_ws/SLAM_repo/install/my_robot_description', 'merge_install': False, 'path': '/home/rds/Desktop/git_ws/SLAM_repo/src/my_robot_description', 'symlink_install': False, 'test_result_base': None}
[0.243s] Level 5:colcon.colcon_core.verb:set package 'my_robot_gazebo' build argument 'cmake_args' from command line to 'None'
[0.243s] Level 5:colcon.colcon_core.verb:set package 'my_robot_gazebo' build argument 'cmake_target' from command line to 'None'
[0.243s] Level 5:colcon.colcon_core.verb:set package 'my_robot_gazebo' build argument 'cmake_target_skip_unavailable' from command line to 'False'
[0.243s] Level 5:colcon.colcon_core.verb:set package 'my_robot_gazebo' build argument 'cmake_clean_cache' from command line to 'False'
[0.243s] Level 5:colcon.colcon_core.verb:set package 'my_robot_gazebo' build argument 'cmake_clean_first' from command line to 'False'
[0.243s] Level 5:colcon.colcon_core.verb:set package 'my_robot_gazebo' build argument 'cmake_force_configure' from command line to 'False'
[0.243s] Level 5:colcon.colcon_core.verb:set package 'my_robot_gazebo' build argument 'ament_cmake_args' from command line to 'None'
[0.243s] Level 5:colcon.colcon_core.verb:set package 'my_robot_gazebo' build argument 'catkin_cmake_args' from command line to 'None'
[0.243s] Level 5:colcon.colcon_core.verb:set package 'my_robot_gazebo' build argument 'catkin_skip_building_tests' from command line to 'False'
[0.243s] DEBUG:colcon.colcon_core.verb:Building package 'my_robot_gazebo' with the following arguments: {'ament_cmake_args': None, 'build_base': '/home/rds/Desktop/git_ws/SLAM_repo/build/my_robot_gazebo', 'catkin_cmake_args': None, 'catkin_skip_building_tests': False, 'cmake_args': None, 'cmake_clean_cache': False, 'cmake_clean_first': False, 'cmake_force_configure': False, 'cmake_target': None, 'cmake_target_skip_unavailable': False, 'install_base': '/home/rds/Desktop/git_ws/SLAM_repo/install/my_robot_gazebo', 'merge_install': False, 'path': '/home/rds/Desktop/git_ws/SLAM_repo/src/my_robot_gazebo', 'symlink_install': False, 'test_result_base': None}
[0.243s] Level 5:colcon.colcon_core.verb:set package 'my_robot_navigation' build argument 'cmake_args' from command line to 'None'
[0.243s] Level 5:colcon.colcon_core.verb:set package 'my_robot_navigation' build argument 'cmake_target' from command line to 'None'
[0.243s] Level 5:colcon.colcon_core.verb:set package 'my_robot_navigation' build argument 'cmake_target_skip_unavailable' from command line to 'False'
[0.243s] Level 5:colcon.colcon_core.verb:set package 'my_robot_navigation' build argument 'cmake_clean_cache' from command line to 'False'
[0.243s] Level 5:colcon.colcon_core.verb:set package 'my_robot_navigation' build argument 'cmake_clean_first' from command line to 'False'
[0.243s] Level 5:colcon.colcon_core.verb:set package 'my_robot_navigation' build argument 'cmake_force_configure' from command line to 'False'
[0.243s] Level 5:colcon.colcon_core.verb:set package 'my_robot_navigation' build argument 'ament_cmake_args' from command line to 'None'
[0.243s] Level 5:colcon.colcon_core.verb:set package 'my_robot_navigation' build argument 'catkin_cmake_args' from command line to 'None'
[0.243s] Level 5:colcon.colcon_core.verb:set package 'my_robot_navigation' build argument 'catkin_skip_building_tests' from command line to 'False'
[0.243s] DEBUG:colcon.colcon_core.verb:Building package 'my_robot_navigation' with the following arguments: {'ament_cmake_args': None, 'build_base': '/home/rds/Desktop/git_ws/SLAM_repo/build/my_robot_navigation', 'catkin_cmake_args': None, 'catkin_skip_building_tests': False, 'cmake_args': None, 'cmake_clean_cache': False, 'cmake_clean_first': False, 'cmake_force_configure': False, 'cmake_target': None, 'cmake_target_skip_unavailable': False, 'install_base': '/home/rds/Desktop/git_ws/SLAM_repo/install/my_robot_navigation', 'merge_install': False, 'path': '/home/rds/Desktop/git_ws/SLAM_repo/src/my_robot_navigation', 'symlink_install': False, 'test_result_base': None}
[0.244s] INFO:colcon.colcon_core.executor:Executing jobs using 'parallel' executor
[0.244s] DEBUG:colcon.colcon_parallel_executor.executor.parallel:run_until_complete
[0.244s] INFO:colcon.colcon_ros.task.ament_cmake.build:Building ROS package in '/home/rds/Desktop/git_ws/SLAM_repo/src/my_robot_description' with build type 'ament_cmake'
[0.244s] INFO:colcon.colcon_cmake.task.cmake.build:Building CMake package in '/home/rds/Desktop/git_ws/SLAM_repo/src/my_robot_description'
[0.246s] INFO:colcon.colcon_core.plugin_system:Skipping extension 'colcon_core.shell.bat': Not used on non-Windows systems
[0.246s] INFO:colcon.colcon_core.shell:Skip shell extension 'powershell' for command environment: Not usable outside of PowerShell
[0.246s] DEBUG:colcon.colcon_core.shell:Skip shell extension 'dsv' for command environment
[0.249s] INFO:colcon.colcon_ros.task.ament_cmake.build:Building ROS package in '/home/rds/Desktop/git_ws/SLAM_repo/src/my_robot_gazebo' with build type 'ament_cmake'
[0.249s] INFO:colcon.colcon_cmake.task.cmake.build:Building CMake package in '/home/rds/Desktop/git_ws/SLAM_repo/src/my_robot_gazebo'
[0.249s] INFO:colcon.colcon_core.shell:Skip shell extension 'powershell' for command environment: Not usable outside of PowerShell
[0.249s] DEBUG:colcon.colcon_core.shell:Skip shell extension 'dsv' for command environment
[0.252s] INFO:colcon.colcon_ros.task.ament_cmake.build:Building ROS package in '/home/rds/Desktop/git_ws/SLAM_repo/src/my_robot_navigation' with build type 'ament_cmake'
[0.252s] INFO:colcon.colcon_cmake.task.cmake.build:Building CMake package in '/home/rds/Desktop/git_ws/SLAM_repo/src/my_robot_navigation'
[0.252s] INFO:colcon.colcon_core.shell:Skip shell extension 'powershell' for command environment: Not usable outside of PowerShell
[0.252s] DEBUG:colcon.colcon_core.shell:Skip shell extension 'dsv' for command environment
[0.259s] DEBUG:colcon.colcon_core.event_handler.log_command:Invoking command in '/home/rds/Desktop/git_ws/SLAM_repo/build/my_robot_description': CMAKE_PREFIX_PATH=${CMAKE_PREFIX_PATH}:/home/rds/Desktop/git_ws/ROS_ws/install/opencv_tutorials:/home/rds/Desktop/git_ws/ROS_ws/install/first_package:/home/rds/Desktop/git_ws/ROS_ws/install/camera_app_pkg:/opt/ros/humble /usr/bin/cmake --build /home/rds/Desktop/git_ws/SLAM_repo/build/my_robot_description -- -j8 -l8
[0.261s] DEBUG:colcon.colcon_core.event_handler.log_command:Invoking command in '/home/rds/Desktop/git_ws/SLAM_repo/build/my_robot_gazebo': CMAKE_PREFIX_PATH=${CMAKE_PREFIX_PATH}:/home/rds/Desktop/git_ws/ROS_ws/install/opencv_tutorials:/home/rds/Desktop/git_ws/ROS_ws/install/first_package:/home/rds/Desktop/git_ws/ROS_ws/install/camera_app_pkg:/opt/ros/humble /usr/bin/cmake --build /home/rds/Desktop/git_ws/SLAM_repo/build/my_robot_gazebo -- -j8 -l8
[0.264s] DEBUG:colcon.colcon_core.event_handler.log_command:Invoking command in '/home/rds/Desktop/git_ws/SLAM_repo/build/my_robot_navigation': CMAKE_PREFIX_PATH=${CMAKE_PREFIX_PATH}:/home/rds/Desktop/git_ws/ROS_ws/install/opencv_tutorials:/home/rds/Desktop/git_ws/ROS_ws/install/first_package:/home/rds/Desktop/git_ws/ROS_ws/install/camera_app_pkg:/opt/ros/humble /usr/bin/cmake --build /home/rds/Desktop/git_ws/SLAM_repo/build/my_robot_navigation -- -j8 -l8
[0.287s] DEBUG:colcon.colcon_core.event_handler.log_command:Invoked command in '/home/rds/Desktop/git_ws/SLAM_repo/build/my_robot_description' returned '0': CMAKE_PREFIX_PATH=${CMAKE_PREFIX_PATH}:/home/rds/Desktop/git_ws/ROS_ws/install/opencv_tutorials:/home/rds/Desktop/git_ws/ROS_ws/install/first_package:/home/rds/Desktop/git_ws/ROS_ws/install/camera_app_pkg:/opt/ros/humble /usr/bin/cmake --build /home/rds/Desktop/git_ws/SLAM_repo/build/my_robot_description -- -j8 -l8
[0.288s] DEBUG:colcon.colcon_core.event_handler.log_command:Invoked command in '/home/rds/Desktop/git_ws/SLAM_repo/build/my_robot_gazebo' returned '0': CMAKE_PREFIX_PATH=${CMAKE_PREFIX_PATH}:/home/rds/Desktop/git_ws/ROS_ws/install/opencv_tutorials:/home/rds/Desktop/git_ws/ROS_ws/install/first_package:/home/rds/Desktop/git_ws/ROS_ws/install/camera_app_pkg:/opt/ros/humble /usr/bin/cmake --build /home/rds/Desktop/git_ws/SLAM_repo/build/my_robot_gazebo -- -j8 -l8
[0.293s] DEBUG:colcon.colcon_core.event_handler.log_command:Invoked command in '/home/rds/Desktop/git_ws/SLAM_repo/build/my_robot_navigation' returned '0': CMAKE_PREFIX_PATH=${CMAKE_PREFIX_PATH}:/home/rds/Desktop/git_ws/ROS_ws/install/opencv_tutorials:/home/rds/Desktop/git_ws/ROS_ws/install/first_package:/home/rds/Desktop/git_ws/ROS_ws/install/camera_app_pkg:/opt/ros/humble /usr/bin/cmake --build /home/rds/Desktop/git_ws/SLAM_repo/build/my_robot_navigation -- -j8 -l8
[0.309s] DEBUG:colcon.colcon_core.event_handler.log_command:Invoking command in '/home/rds/Desktop/git_ws/SLAM_repo/build/my_robot_description': CMAKE_PREFIX_PATH=${CMAKE_PREFIX_PATH}:/home/rds/Desktop/git_ws/ROS_ws/install/opencv_tutorials:/home/rds/Desktop/git_ws/ROS_ws/install/first_package:/home/rds/Desktop/git_ws/ROS_ws/install/camera_app_pkg:/opt/ros/humble /usr/bin/cmake --install /home/rds/Desktop/git_ws/SLAM_repo/build/my_robot_description
[0.310s] DEBUG:colcon.colcon_core.event_handler.log_command:Invoking command in '/home/rds/Desktop/git_ws/SLAM_repo/build/my_robot_gazebo': CMAKE_PREFIX_PATH=${CMAKE_PREFIX_PATH}:/home/rds/Desktop/git_ws/ROS_ws/install/opencv_tutorials:/home/rds/Desktop/git_ws/ROS_ws/install/first_package:/home/rds/Desktop/git_ws/ROS_ws/install/camera_app_pkg:/opt/ros/humble /usr/bin/cmake --install /home/rds/Desktop/git_ws/SLAM_repo/build/my_robot_gazebo
[0.311s] DEBUG:colcon.colcon_core.event_handler.log_command:Invoking command in '/home/rds/Desktop/git_ws/SLAM_repo/build/my_robot_navigation': CMAKE_PREFIX_PATH=${CMAKE_PREFIX_PATH}:/home/rds/Desktop/git_ws/ROS_ws/install/opencv_tutorials:/home/rds/Desktop/git_ws/ROS_ws/install/first_package:/home/rds/Desktop/git_ws/ROS_ws/install/camera_app_pkg:/opt/ros/humble /usr/bin/cmake --install /home/rds/Desktop/git_ws/SLAM_repo/build/my_robot_navigation
[0.324s] Level 1:colcon.colcon_core.environment:create_environment_scripts_only(my_robot_gazebo)
[0.327s] Level 1:colcon.colcon_core.environment:checking '/home/rds/Desktop/git_ws/SLAM_repo/install/my_robot_gazebo' for CMake module files
[0.328s] Level 1:colcon.colcon_core.environment:checking '/home/rds/Desktop/git_ws/SLAM_repo/install/my_robot_gazebo' for CMake config files
[0.329s] Level 1:colcon.colcon_core.shell:create_environment_hook('my_robot_gazebo', 'cmake_prefix_path')
[0.329s] INFO:colcon.colcon_core.shell:Creating environment hook '/home/rds/Desktop/git_ws/SLAM_repo/install/my_robot_gazebo/share/my_robot_gazebo/hook/cmake_prefix_path.ps1'
[0.330s] INFO:colcon.colcon_core.shell:Creating environment descriptor '/home/rds/Desktop/git_ws/SLAM_repo/install/my_robot_gazebo/share/my_robot_gazebo/hook/cmake_prefix_path.dsv'
[0.330s] INFO:colcon.colcon_core.shell:Creating environment hook '/home/rds/Desktop/git_ws/SLAM_repo/install/my_robot_gazebo/share/my_robot_gazebo/hook/cmake_prefix_path.sh'
[0.331s] Level 1:colcon.colcon_core.environment:checking '/home/rds/Desktop/git_ws/SLAM_repo/install/my_robot_gazebo/bin'
[0.331s] Level 1:colcon.colcon_core.environment:checking '/home/rds/Desktop/git_ws/SLAM_repo/install/my_robot_gazebo/lib/pkgconfig/my_robot_gazebo.pc'
[0.331s] Level 1:colcon.colcon_core.environment:checking '/home/rds/Desktop/git_ws/SLAM_repo/install/my_robot_gazebo/lib/python3.10/site-packages'
[0.331s] Level 1:colcon.colcon_core.environment:checking '/home/rds/Desktop/git_ws/SLAM_repo/install/my_robot_gazebo/bin'
[0.331s] INFO:colcon.colcon_core.shell:Creating package script '/home/rds/Desktop/git_ws/SLAM_repo/install/my_robot_gazebo/share/my_robot_gazebo/package.ps1'
[0.332s] INFO:colcon.colcon_core.shell:Creating package descriptor '/home/rds/Desktop/git_ws/SLAM_repo/install/my_robot_gazebo/share/my_robot_gazebo/package.dsv'
[0.332s] INFO:colcon.colcon_core.shell:Creating package script '/home/rds/Desktop/git_ws/SLAM_repo/install/my_robot_gazebo/share/my_robot_gazebo/package.sh'
[0.333s] INFO:colcon.colcon_core.shell:Creating package script '/home/rds/Desktop/git_ws/SLAM_repo/install/my_robot_gazebo/share/my_robot_gazebo/package.bash'
[0.334s] INFO:colcon.colcon_core.shell:Creating package script '/home/rds/Desktop/git_ws/SLAM_repo/install/my_robot_gazebo/share/my_robot_gazebo/package.zsh'
[0.334s] DEBUG:colcon.colcon_core.event_handler.log_command:Invoked command in '/home/rds/Desktop/git_ws/SLAM_repo/build/my_robot_gazebo' returned '0': CMAKE_PREFIX_PATH=${CMAKE_PREFIX_PATH}:/home/rds/Desktop/git_ws/ROS_ws/install/opencv_tutorials:/home/rds/Desktop/git_ws/ROS_ws/install/first_package:/home/rds/Desktop/git_ws/ROS_ws/install/camera_app_pkg:/opt/ros/humble /usr/bin/cmake --install /home/rds/Desktop/git_ws/SLAM_repo/build/my_robot_gazebo
[0.335s] Level 1:colcon.colcon_core.environment:create_file_with_runtime_dependencies(/home/rds/Desktop/git_ws/SLAM_repo/install/my_robot_gazebo/share/colcon-core/packages/my_robot_gazebo)
[0.335s] Level 1:colcon.colcon_core.environment:create_environment_scripts_only(my_robot_navigation)
[0.336s] Level 1:colcon.colcon_core.environment:checking '/home/rds/Desktop/git_ws/SLAM_repo/install/my_robot_navigation' for CMake module files
[0.336s] DEBUG:colcon.colcon_core.event_handler.log_command:Invoked command in '/home/rds/Desktop/git_ws/SLAM_repo/build/my_robot_navigation' returned '0': CMAKE_PREFIX_PATH=${CMAKE_PREFIX_PATH}:/home/rds/Desktop/git_ws/ROS_ws/install/opencv_tutorials:/home/rds/Desktop/git_ws/ROS_ws/install/first_package:/home/rds/Desktop/git_ws/ROS_ws/install/camera_app_pkg:/opt/ros/humble /usr/bin/cmake --install /home/rds/Desktop/git_ws/SLAM_repo/build/my_robot_navigation
[0.336s] Level 1:colcon.colcon_core.environment:checking '/home/rds/Desktop/git_ws/SLAM_repo/install/my_robot_navigation' for CMake config files
[0.337s] Level 1:colcon.colcon_core.shell:create_environment_hook('my_robot_navigation', 'cmake_prefix_path')
[0.337s] INFO:colcon.colcon_core.shell:Creating environment hook '/home/rds/Desktop/git_ws/SLAM_repo/install/my_robot_navigation/share/my_robot_navigation/hook/cmake_prefix_path.ps1'
[0.337s] INFO:colcon.colcon_core.shell:Creating environment descriptor '/home/rds/Desktop/git_ws/SLAM_repo/install/my_robot_navigation/share/my_robot_navigation/hook/cmake_prefix_path.dsv'
[0.337s] INFO:colcon.colcon_core.shell:Creating environment hook '/home/rds/Desktop/git_ws/SLAM_repo/install/my_robot_navigation/share/my_robot_navigation/hook/cmake_prefix_path.sh'
[0.338s] Level 1:colcon.colcon_core.environment:checking '/home/rds/Desktop/git_ws/SLAM_repo/install/my_robot_navigation/bin'
[0.338s] Level 1:colcon.colcon_core.environment:checking '/home/rds/Desktop/git_ws/SLAM_repo/install/my_robot_navigation/lib/pkgconfig/my_robot_navigation.pc'
[0.338s] Level 1:colcon.colcon_core.environment:checking '/home/rds/Desktop/git_ws/SLAM_repo/install/my_robot_navigation/lib/python3.10/site-packages'
[0.338s] Level 1:colcon.colcon_core.environment:checking '/home/rds/Desktop/git_ws/SLAM_repo/install/my_robot_navigation/bin'
[0.339s] INFO:colcon.colcon_core.shell:Creating package script '/home/rds/Desktop/git_ws/SLAM_repo/install/my_robot_navigation/share/my_robot_navigation/package.ps1'
[0.339s] INFO:colcon.colcon_core.shell:Creating package descriptor '/home/rds/Desktop/git_ws/SLAM_repo/install/my_robot_navigation/share/my_robot_navigation/package.dsv'
[0.339s] INFO:colcon.colcon_core.shell:Creating package script '/home/rds/Desktop/git_ws/SLAM_repo/install/my_robot_navigation/share/my_robot_navigation/package.sh'
[0.340s] INFO:colcon.colcon_core.shell:Creating package script '/home/rds/Desktop/git_ws/SLAM_repo/install/my_robot_navigation/share/my_robot_navigation/package.bash'
[0.340s] INFO:colcon.colcon_core.shell:Creating package script '/home/rds/Desktop/git_ws/SLAM_repo/install/my_robot_navigation/share/my_robot_navigation/package.zsh'
[0.340s] Level 1:colcon.colcon_core.environment:create_file_with_runtime_dependencies(/home/rds/Desktop/git_ws/SLAM_repo/install/my_robot_navigation/share/colcon-core/packages/my_robot_navigation)
[0.341s] Level 1:colcon.colcon_core.environment:create_environment_scripts_only(my_robot_description)
[0.341s] Level 1:colcon.colcon_core.environment:checking '/home/rds/Desktop/git_ws/SLAM_repo/install/my_robot_description' for CMake module files
[0.342s] DEBUG:colcon.colcon_core.event_handler.log_command:Invoked command in '/home/rds/Desktop/git_ws/SLAM_repo/build/my_robot_description' returned '0': CMAKE_PREFIX_PATH=${CMAKE_PREFIX_PATH}:/home/rds/Desktop/git_ws/ROS_ws/install/opencv_tutorials:/home/rds/Desktop/git_ws/ROS_ws/install/first_package:/home/rds/Desktop/git_ws/ROS_ws/install/camera_app_pkg:/opt/ros/humble /usr/bin/cmake --install /home/rds/Desktop/git_ws/SLAM_repo/build/my_robot_description
[0.342s] Level 1:colcon.colcon_core.environment:checking '/home/rds/Desktop/git_ws/SLAM_repo/install/my_robot_description' for CMake config files
[0.342s] Level 1:colcon.colcon_core.shell:create_environment_hook('my_robot_description', 'cmake_prefix_path')
[0.342s] INFO:colcon.colcon_core.shell:Creating environment hook '/home/rds/Desktop/git_ws/SLAM_repo/install/my_robot_description/share/my_robot_description/hook/cmake_prefix_path.ps1'
[0.343s] INFO:colcon.colcon_core.shell:Creating environment descriptor '/home/rds/Desktop/git_ws/SLAM_repo/install/my_robot_description/share/my_robot_description/hook/cmake_prefix_path.dsv'
[0.343s] INFO:colcon.colcon_core.shell:Creating environment hook '/home/rds/Desktop/git_ws/SLAM_repo/install/my_robot_description/share/my_robot_description/hook/cmake_prefix_path.sh'
[0.343s] Level 1:colcon.colcon_core.environment:checking '/home/rds/Desktop/git_ws/SLAM_repo/install/my_robot_description/bin'
[0.343s] Level 1:colcon.colcon_core.environment:checking '/home/rds/Desktop/git_ws/SLAM_repo/install/my_robot_description/lib/pkgconfig/my_robot_description.pc'
[0.344s] Level 1:colcon.colcon_core.environment:checking '/home/rds/Desktop/git_ws/SLAM_repo/install/my_robot_description/lib/python3.10/site-packages'
[0.344s] Level 1:colcon.colcon_core.environment:checking '/home/rds/Desktop/git_ws/SLAM_repo/install/my_robot_description/bin'
[0.344s] INFO:colcon.colcon_core.shell:Creating package script '/home/rds/Desktop/git_ws/SLAM_repo/install/my_robot_description/share/my_robot_description/package.ps1'
[0.345s] INFO:colcon.colcon_core.shell:Creating package descriptor '/home/rds/Desktop/git_ws/SLAM_repo/install/my_robot_description/share/my_robot_description/package.dsv'
[0.345s] INFO:colcon.colcon_core.shell:Creating package script '/home/rds/Desktop/git_ws/SLAM_repo/install/my_robot_description/share/my_robot_description/package.sh'
[0.345s] INFO:colcon.colcon_core.shell:Creating package script '/home/rds/Desktop/git_ws/SLAM_repo/install/my_robot_description/share/my_robot_description/package.bash'
[0.345s] INFO:colcon.colcon_core.shell:Creating package script '/home/rds/Desktop/git_ws/SLAM_repo/install/my_robot_description/share/my_robot_description/package.zsh'
[0.346s] Level 1:colcon.colcon_core.environment:create_file_with_runtime_dependencies(/home/rds/Desktop/git_ws/SLAM_repo/install/my_robot_description/share/colcon-core/packages/my_robot_description)
[0.353s] Level 1:colcon.colcon_core.environment:create_environment_scripts_only(my_robot_gazebo)
[0.353s] Level 1:colcon.colcon_core.environment:checking '/home/rds/Desktop/git_ws/SLAM_repo/install/my_robot_gazebo' for CMake module files
[0.353s] Level 1:colcon.colcon_core.environment:checking '/home/rds/Desktop/git_ws/SLAM_repo/install/my_robot_gazebo' for CMake config files
[0.354s] Level 1:colcon.colcon_core.shell:create_environment_hook('my_robot_gazebo', 'cmake_prefix_path')
[0.354s] INFO:colcon.colcon_core.shell:Creating environment hook '/home/rds/Desktop/git_ws/SLAM_repo/install/my_robot_gazebo/share/my_robot_gazebo/hook/cmake_prefix_path.ps1'
[0.354s] INFO:colcon.colcon_core.shell:Creating environment descriptor '/home/rds/Desktop/git_ws/SLAM_repo/install/my_robot_gazebo/share/my_robot_gazebo/hook/cmake_prefix_path.dsv'
[0.354s] INFO:colcon.colcon_core.shell:Creating environment hook '/home/rds/Desktop/git_ws/SLAM_repo/install/my_robot_gazebo/share/my_robot_gazebo/hook/cmake_prefix_path.sh'
[0.355s] Level 1:colcon.colcon_core.environment:checking '/home/rds/Desktop/git_ws/SLAM_repo/install/my_robot_gazebo/bin'
[0.355s] Level 1:colcon.colcon_core.environment:checking '/home/rds/Desktop/git_ws/SLAM_repo/install/my_robot_gazebo/lib/pkgconfig/my_robot_gazebo.pc'
[0.355s] Level 1:colcon.colcon_core.environment:checking '/home/rds/Desktop/git_ws/SLAM_repo/install/my_robot_gazebo/lib/python3.10/site-packages'
[0.355s] Level 1:colcon.colcon_core.environment:checking '/home/rds/Desktop/git_ws/SLAM_repo/install/my_robot_gazebo/bin'
[0.355s] INFO:colcon.colcon_core.shell:Creating package script '/home/rds/Desktop/git_ws/SLAM_repo/install/my_robot_gazebo/share/my_robot_gazebo/package.ps1'
[0.356s] INFO:colcon.colcon_core.shell:Creating package descriptor '/home/rds/Desktop/git_ws/SLAM_repo/install/my_robot_gazebo/share/my_robot_gazebo/package.dsv'
[0.356s] INFO:colcon.colcon_core.shell:Creating package script '/home/rds/Desktop/git_ws/SLAM_repo/install/my_robot_gazebo/share/my_robot_gazebo/package.sh'
[0.356s] INFO:colcon.colcon_core.shell:Creating package script '/home/rds/Desktop/git_ws/SLAM_repo/install/my_robot_gazebo/share/my_robot_gazebo/package.bash'
[0.357s] INFO:colcon.colcon_core.shell:Creating package script '/home/rds/Desktop/git_ws/SLAM_repo/install/my_robot_gazebo/share/my_robot_gazebo/package.zsh'
[0.357s] Level 1:colcon.colcon_core.environment:create_file_with_runtime_dependencies(/home/rds/Desktop/git_ws/SLAM_repo/install/my_robot_gazebo/share/colcon-core/packages/my_robot_gazebo)
[0.358s] Level 1:colcon.colcon_core.environment:create_environment_scripts_only(my_robot_navigation)
[0.358s] Level 1:colcon.colcon_core.environment:checking '/home/rds/Desktop/git_ws/SLAM_repo/install/my_robot_navigation' for CMake module files
[0.358s] Level 1:colcon.colcon_core.environment:checking '/home/rds/Desktop/git_ws/SLAM_repo/install/my_robot_navigation' for CMake config files
[0.359s] Level 1:colcon.colcon_core.shell:create_environment_hook('my_robot_navigation', 'cmake_prefix_path')
[0.359s] INFO:colcon.colcon_core.shell:Creating environment hook '/home/rds/Desktop/git_ws/SLAM_repo/install/my_robot_navigation/share/my_robot_navigation/hook/cmake_prefix_path.ps1'
[0.359s] INFO:colcon.colcon_core.shell:Creating environment descriptor '/home/rds/Desktop/git_ws/SLAM_repo/install/my_robot_navigation/share/my_robot_navigation/hook/cmake_prefix_path.dsv'
[0.359s] INFO:colcon.colcon_core.shell:Creating environment hook '/home/rds/Desktop/git_ws/SLAM_repo/install/my_robot_navigation/share/my_robot_navigation/hook/cmake_prefix_path.sh'
[0.360s] Level 1:colcon.colcon_core.environment:checking '/home/rds/Desktop/git_ws/SLAM_repo/install/my_robot_navigation/bin'
[0.360s] Level 1:colcon.colcon_core.environment:checking '/home/rds/Desktop/git_ws/SLAM_repo/install/my_robot_navigation/lib/pkgconfig/my_robot_navigation.pc'
[0.360s] Level 1:colcon.colcon_core.environment:checking '/home/rds/Desktop/git_ws/SLAM_repo/install/my_robot_navigation/lib/python3.10/site-packages'
[0.360s] Level 1:colcon.colcon_core.environment:checking '/home/rds/Desktop/git_ws/SLAM_repo/install/my_robot_navigation/bin'
[0.361s] INFO:colcon.colcon_core.shell:Creating package script '/home/rds/Desktop/git_ws/SLAM_repo/install/my_robot_navigation/share/my_robot_navigation/package.ps1'
[0.361s] INFO:colcon.colcon_core.shell:Creating package descriptor '/home/rds/Desktop/git_ws/SLAM_repo/install/my_robot_navigation/share/my_robot_navigation/package.dsv'
[0.361s] INFO:colcon.colcon_core.shell:Creating package script '/home/rds/Desktop/git_ws/SLAM_repo/install/my_robot_navigation/share/my_robot_navigation/package.sh'
[0.362s] INFO:colcon.colcon_core.shell:Creating package script '/home/rds/Desktop/git_ws/SLAM_repo/install/my_robot_navigation/share/my_robot_navigation/package.bash'
[0.362s] INFO:colcon.colcon_core.shell:Creating package script '/home/rds/Desktop/git_ws/SLAM_repo/install/my_robot_navigation/share/my_robot_navigation/package.zsh'
[0.362s] Level 1:colcon.colcon_core.environment:create_file_with_runtime_dependencies(/home/rds/Desktop/git_ws/SLAM_repo/install/my_robot_navigation/share/colcon-core/packages/my_robot_navigation)
[0.363s] Level 1:colcon.colcon_core.environment:create_environment_scripts_only(my_robot_description)
[0.363s] Level 1:colcon.colcon_core.environment:checking '/home/rds/Desktop/git_ws/SLAM_repo/install/my_robot_description' for CMake module files
[0.363s] Level 1:colcon.colcon_core.environment:checking '/home/rds/Desktop/git_ws/SLAM_repo/install/my_robot_description' for CMake config files
[0.364s] Level 1:colcon.colcon_core.shell:create_environment_hook('my_robot_description', 'cmake_prefix_path')
[0.364s] INFO:colcon.colcon_core.shell:Creating environment hook '/home/rds/Desktop/git_ws/SLAM_repo/install/my_robot_description/share/my_robot_description/hook/cmake_prefix_path.ps1'
[0.364s] INFO:colcon.colcon_core.shell:Creating environment descriptor '/home/rds/Desktop/git_ws/SLAM_repo/install/my_robot_description/share/my_robot_description/hook/cmake_prefix_path.dsv'
[0.364s] INFO:colcon.colcon_core.shell:Creating environment hook '/home/rds/Desktop/git_ws/SLAM_repo/install/my_robot_description/share/my_robot_description/hook/cmake_prefix_path.sh'
[0.365s] Level 1:colcon.colcon_core.environment:checking '/home/rds/Desktop/git_ws/SLAM_repo/install/my_robot_description/bin'
[0.365s] Level 1:colcon.colcon_core.environment:checking '/home/rds/Desktop/git_ws/SLAM_repo/install/my_robot_description/lib/pkgconfig/my_robot_description.pc'
[0.365s] Level 1:colcon.colcon_core.environment:checking '/home/rds/Desktop/git_ws/SLAM_repo/install/my_robot_description/lib/python3.10/site-packages'
[0.365s] Level 1:colcon.colcon_core.environment:checking '/home/rds/Desktop/git_ws/SLAM_repo/install/my_robot_description/bin'
[0.365s] INFO:colcon.colcon_core.shell:Creating package script '/home/rds/Desktop/git_ws/SLAM_repo/install/my_robot_description/share/my_robot_description/package.ps1'
[0.366s] INFO:colcon.colcon_core.shell:Creating package descriptor '/home/rds/Desktop/git_ws/SLAM_repo/install/my_robot_description/share/my_robot_description/package.dsv'
[0.366s] INFO:colcon.colcon_core.shell:Creating package script '/home/rds/Desktop/git_ws/SLAM_repo/install/my_robot_description/share/my_robot_description/package.sh'
[0.366s] INFO:colcon.colcon_core.shell:Creating package script '/home/rds/Desktop/git_ws/SLAM_repo/install/my_robot_description/share/my_robot_description/package.bash'
[0.366s] INFO:colcon.colcon_core.shell:Creating package script '/home/rds/Desktop/git_ws/SLAM_repo/install/my_robot_description/share/my_robot_description/package.zsh'
[0.367s] Level 1:colcon.colcon_core.environment:create_file_with_runtime_dependencies(/home/rds/Desktop/git_ws/SLAM_repo/install/my_robot_description/share/colcon-core/packages/my_robot_description)
[0.367s] DEBUG:colcon.colcon_parallel_executor.executor.parallel:closing loop
[0.367s] DEBUG:colcon.colcon_parallel_executor.executor.parallel:loop closed
[0.367s] DEBUG:colcon.colcon_parallel_executor.executor.parallel:run_until_complete finished with '0'
[0.367s] DEBUG:colcon.colcon_core.event_reactor:joining thread
[0.371s] INFO:colcon.colcon_core.plugin_system:Skipping extension 'colcon_notification.desktop_notification.terminal_notifier': Not used on non-Darwin systems
[0.371s] INFO:colcon.colcon_core.plugin_system:Skipping extension 'colcon_notification.desktop_notification.win32': Not used on non-Windows systems
[0.371s] INFO:colcon.colcon_notification.desktop_notification:Sending desktop notification using 'notify2'
[0.379s] DEBUG:colcon.colcon_core.event_reactor:joined thread
[0.379s] INFO:colcon.colcon_core.shell:Creating prefix script '/home/rds/Desktop/git_ws/SLAM_repo/install/local_setup.ps1'
[0.380s] INFO:colcon.colcon_core.shell:Creating prefix util module '/home/rds/Desktop/git_ws/SLAM_repo/install/_local_setup_util_ps1.py'
[0.381s] INFO:colcon.colcon_core.shell:Creating prefix chain script '/home/rds/Desktop/git_ws/SLAM_repo/install/setup.ps1'
[0.382s] INFO:colcon.colcon_core.shell:Creating prefix script '/home/rds/Desktop/git_ws/SLAM_repo/install/local_setup.sh'
[0.382s] INFO:colcon.colcon_core.shell:Creating prefix util module '/home/rds/Desktop/git_ws/SLAM_repo/install/_local_setup_util_sh.py'
[0.382s] INFO:colcon.colcon_core.shell:Creating prefix chain script '/home/rds/Desktop/git_ws/SLAM_repo/install/setup.sh'
[0.383s] INFO:colcon.colcon_core.shell:Creating prefix script '/home/rds/Desktop/git_ws/SLAM_repo/install/local_setup.bash'
[0.383s] INFO:colcon.colcon_core.shell:Creating prefix chain script '/home/rds/Desktop/git_ws/SLAM_repo/install/setup.bash'
[0.384s] INFO:colcon.colcon_core.shell:Creating prefix script '/home/rds/Desktop/git_ws/SLAM_repo/install/local_setup.zsh'
[0.385s] INFO:colcon.colcon_core.shell:Creating prefix chain script '/home/rds/Desktop/git_ws/SLAM_repo/install/setup.zsh'
