[0.011s] Invoking command in '/home/rds/Desktop/git_ws/my_mobile/build/my_robot_navigation': CMAKE_PREFIX_PATH=${CMAKE_PREFIX_PATH}:/opt/ros/humble /usr/bin/cmake /home/rds/Desktop/git_ws/my_mobile/src/my_robot_navigation -DCMAKE_INSTALL_PREFIX=/home/rds/Desktop/git_ws/my_mobile/install/my_robot_navigation
[0.080s] -- The C compiler identification is GNU 11.4.0
[0.148s] -- The CXX compiler identification is GNU 11.4.0
[0.156s] -- Detecting C compiler ABI info
[0.210s] -- Detecting C compiler ABI info - done
[0.215s] -- Check for working C compiler: /usr/bin/cc - skipped
[0.216s] -- Detecting C compile features
[0.216s] -- Detecting C compile features - done
[0.217s] -- Detecting CXX compiler ABI info
[0.283s] -- Detecting CXX compiler ABI info - done
[0.292s] -- Check for working CXX compiler: /usr/bin/c++ - skipped
[0.292s] -- Detecting CXX compile features
[0.292s] -- Detecting CXX compile features - done
[0.296s] -- Found ament_cmake: 1.3.8 (/opt/ros/humble/share/ament_cmake/cmake)
[0.406s] -- Found Python3: /usr/bin/python3 (found version "3.10.12") found components: Interpreter 
[0.480s] -- Found ament_lint_auto: 0.12.10 (/opt/ros/humble/share/ament_lint_auto/cmake)
[0.556s] -- Added test 'lint_cmake' to check CMake code style
[0.557s] -- Added test 'xmllint' to check XML markup files
[0.558s] -- Configuring done
[0.560s] -- Generating done
[0.561s] -- Build files have been written to: /home/rds/Desktop/git_ws/my_mobile/build/my_robot_navigation
[0.564s] Invoked command in '/home/rds/Desktop/git_ws/my_mobile/build/my_robot_navigation' returned '0': CMAKE_PREFIX_PATH=${CMAKE_PREFIX_PATH}:/opt/ros/humble /usr/bin/cmake /home/rds/Desktop/git_ws/my_mobile/src/my_robot_navigation -DCMAKE_INSTALL_PREFIX=/home/rds/Desktop/git_ws/my_mobile/install/my_robot_navigation
[0.566s] Invoking command in '/home/rds/Desktop/git_ws/my_mobile/build/my_robot_navigation': CMAKE_PREFIX_PATH=${CMAKE_PREFIX_PATH}:/opt/ros/humble /usr/bin/cmake --build /home/rds/Desktop/git_ws/my_mobile/build/my_robot_navigation -- -j8 -l8
[0.599s] Invoked command in '/home/rds/Desktop/git_ws/my_mobile/build/my_robot_navigation' returned '0': CMAKE_PREFIX_PATH=${CMAKE_PREFIX_PATH}:/opt/ros/humble /usr/bin/cmake --build /home/rds/Desktop/git_ws/my_mobile/build/my_robot_navigation -- -j8 -l8
[0.614s] Invoking command in '/home/rds/Desktop/git_ws/my_mobile/build/my_robot_navigation': CMAKE_PREFIX_PATH=${CMAKE_PREFIX_PATH}:/opt/ros/humble /usr/bin/cmake --install /home/rds/Desktop/git_ws/my_mobile/build/my_robot_navigation
[0.620s] -- Install configuration: ""
[0.621s] -- Installing: /home/rds/Desktop/git_ws/my_mobile/install/my_robot_navigation/share/my_robot_navigation/launch
[0.621s] -- Installing: /home/rds/Desktop/git_ws/my_mobile/install/my_robot_navigation/share/my_robot_navigation/launch/map_building.launch.xml
[0.621s] -- Installing: /home/rds/Desktop/git_ws/my_mobile/install/my_robot_navigation/share/my_robot_navigation/config
[0.621s] -- Installing: /home/rds/Desktop/git_ws/my_mobile/install/my_robot_navigation/share/my_robot_navigation/config/mapper_params.yaml
[0.621s] -- Installing: /home/rds/Desktop/git_ws/my_mobile/install/my_robot_navigation/share/ament_index/resource_index/package_run_dependencies/my_robot_navigation
[0.621s] -- Installing: /home/rds/Desktop/git_ws/my_mobile/install/my_robot_navigation/share/ament_index/resource_index/parent_prefix_path/my_robot_navigation
[0.621s] -- Installing: /home/rds/Desktop/git_ws/my_mobile/install/my_robot_navigation/share/my_robot_navigation/environment/ament_prefix_path.sh
[0.621s] -- Installing: /home/rds/Desktop/git_ws/my_mobile/install/my_robot_navigation/share/my_robot_navigation/environment/ament_prefix_path.dsv
[0.621s] -- Installing: /home/rds/Desktop/git_ws/my_mobile/install/my_robot_navigation/share/my_robot_navigation/environment/path.sh
[0.621s] -- Installing: /home/rds/Desktop/git_ws/my_mobile/install/my_robot_navigation/share/my_robot_navigation/environment/path.dsv
[0.621s] -- Installing: /home/rds/Desktop/git_ws/my_mobile/install/my_robot_navigation/share/my_robot_navigation/local_setup.bash
[0.621s] -- Installing: /home/rds/Desktop/git_ws/my_mobile/install/my_robot_navigation/share/my_robot_navigation/local_setup.sh
[0.621s] -- Installing: /home/rds/Desktop/git_ws/my_mobile/install/my_robot_navigation/share/my_robot_navigation/local_setup.zsh
[0.621s] -- Installing: /home/rds/Desktop/git_ws/my_mobile/install/my_robot_navigation/share/my_robot_navigation/local_setup.dsv
[0.622s] -- Installing: /home/rds/Desktop/git_ws/my_mobile/install/my_robot_navigation/share/my_robot_navigation/package.dsv
[0.622s] -- Installing: /home/rds/Desktop/git_ws/my_mobile/install/my_robot_navigation/share/ament_index/resource_index/packages/my_robot_navigation
[0.622s] -- Installing: /home/rds/Desktop/git_ws/my_mobile/install/my_robot_navigation/share/my_robot_navigation/cmake/my_robot_navigationConfig.cmake
[0.622s] -- Installing: /home/rds/Desktop/git_ws/my_mobile/install/my_robot_navigation/share/my_robot_navigation/cmake/my_robot_navigationConfig-version.cmake
[0.622s] -- Installing: /home/rds/Desktop/git_ws/my_mobile/install/my_robot_navigation/share/my_robot_navigation/package.xml
[0.623s] Invoked command in '/home/rds/Desktop/git_ws/my_mobile/build/my_robot_navigation' returned '0': CMAKE_PREFIX_PATH=${CMAKE_PREFIX_PATH}:/opt/ros/humble /usr/bin/cmake --install /home/rds/Desktop/git_ws/my_mobile/build/my_robot_navigation
