[0.010s] Invoking command in '/home/rds/Desktop/git_ws/my_mobile/build/my_robot_gazebo': CMAKE_PREFIX_PATH=${CMAKE_PREFIX_PATH}:/opt/ros/humble /usr/bin/cmake --build /home/rds/Desktop/git_ws/my_mobile/build/my_robot_gazebo -- -j8 -l8
[0.030s] -- Found ament_cmake: 1.3.8 (/opt/ros/humble/share/ament_cmake/cmake)
[0.158s] -- Found ament_lint_auto: 0.12.10 (/opt/ros/humble/share/ament_lint_auto/cmake)
[0.218s] -- Added test 'lint_cmake' to check CMake code style
[0.220s] -- Added test 'xmllint' to check XML markup files
[0.222s] -- Configuring done
[0.225s] -- Generating done
[0.226s] -- Build files have been written to: /home/rds/Desktop/git_ws/my_mobile/build/my_robot_gazebo
[0.242s] Invoked command in '/home/rds/Desktop/git_ws/my_mobile/build/my_robot_gazebo' returned '0': CMAKE_PREFIX_PATH=${CMAKE_PREFIX_PATH}:/opt/ros/humble /usr/bin/cmake --build /home/rds/Desktop/git_ws/my_mobile/build/my_robot_gazebo -- -j8 -l8
[0.259s] Invoking command in '/home/rds/Desktop/git_ws/my_mobile/build/my_robot_gazebo': CMAKE_PREFIX_PATH=${CMAKE_PREFIX_PATH}:/opt/ros/humble /usr/bin/cmake --install /home/rds/Desktop/git_ws/my_mobile/build/my_robot_gazebo
[0.265s] -- Install configuration: ""
[0.266s] -- Up-to-date: /home/rds/Desktop/git_ws/my_mobile/install/my_robot_gazebo/share/my_robot_gazebo/launch
[0.266s] -- Installing: /home/rds/Desktop/git_ws/my_mobile/install/my_robot_gazebo/share/my_robot_gazebo/launch/launch_sim.launch.xml
[0.266s] -- Up-to-date: /home/rds/Desktop/git_ws/my_mobile/install/my_robot_gazebo/share/my_robot_gazebo/config
[0.266s] -- Up-to-date: /home/rds/Desktop/git_ws/my_mobile/install/my_robot_gazebo/share/my_robot_gazebo/config/my_controllers.yaml
[0.266s] -- Installing: /home/rds/Desktop/git_ws/my_mobile/install/my_robot_gazebo/share/my_robot_gazebo/worlds
[0.266s] -- Installing: /home/rds/Desktop/git_ws/my_mobile/install/my_robot_gazebo/share/my_robot_gazebo/worlds/empty.world
[0.266s] -- Installing: /home/rds/Desktop/git_ws/my_mobile/install/my_robot_gazebo/share/my_robot_gazebo/worlds/simple_building.world
[0.266s] -- Installing: /home/rds/Desktop/git_ws/my_mobile/install/my_robot_gazebo/share/my_robot_gazebo/worlds/my_world.world
[0.266s] -- Installing: /home/rds/Desktop/git_ws/my_mobile/install/my_robot_gazebo/share/my_robot_gazebo/models
[0.266s] -- Installing: /home/rds/Desktop/git_ws/my_mobile/install/my_robot_gazebo/share/my_robot_gazebo/models/.empty
[0.266s] -- Installing: /home/rds/Desktop/git_ws/my_mobile/install/my_robot_gazebo/share/my_robot_gazebo/models/my_world
[0.267s] -- Installing: /home/rds/Desktop/git_ws/my_mobile/install/my_robot_gazebo/share/my_robot_gazebo/models/my_world/model.sdf
[0.267s] -- Installing: /home/rds/Desktop/git_ws/my_mobile/install/my_robot_gazebo/share/my_robot_gazebo/models/my_world/model.config
[0.267s] -- Installing: /home/rds/Desktop/git_ws/my_mobile/install/my_robot_gazebo/share/my_robot_gazebo/models/simple_building
[0.267s] -- Installing: /home/rds/Desktop/git_ws/my_mobile/install/my_robot_gazebo/share/my_robot_gazebo/models/simple_building/model.sdf
[0.267s] -- Installing: /home/rds/Desktop/git_ws/my_mobile/install/my_robot_gazebo/share/my_robot_gazebo/models/simple_building/model.config
[0.267s] -- Up-to-date: /home/rds/Desktop/git_ws/my_mobile/install/my_robot_gazebo/share/ament_index/resource_index/package_run_dependencies/my_robot_gazebo
[0.267s] -- Up-to-date: /home/rds/Desktop/git_ws/my_mobile/install/my_robot_gazebo/share/ament_index/resource_index/parent_prefix_path/my_robot_gazebo
[0.267s] -- Up-to-date: /home/rds/Desktop/git_ws/my_mobile/install/my_robot_gazebo/share/my_robot_gazebo/environment/ament_prefix_path.sh
[0.267s] -- Installing: /home/rds/Desktop/git_ws/my_mobile/install/my_robot_gazebo/share/my_robot_gazebo/environment/ament_prefix_path.dsv
[0.267s] -- Up-to-date: /home/rds/Desktop/git_ws/my_mobile/install/my_robot_gazebo/share/my_robot_gazebo/environment/path.sh
[0.267s] -- Installing: /home/rds/Desktop/git_ws/my_mobile/install/my_robot_gazebo/share/my_robot_gazebo/environment/path.dsv
[0.267s] -- Up-to-date: /home/rds/Desktop/git_ws/my_mobile/install/my_robot_gazebo/share/my_robot_gazebo/local_setup.bash
[0.269s] -- Up-to-date: /home/rds/Desktop/git_ws/my_mobile/install/my_robot_gazebo/share/my_robot_gazebo/local_setup.sh
[0.269s] -- Up-to-date: /home/rds/Desktop/git_ws/my_mobile/install/my_robot_gazebo/share/my_robot_gazebo/local_setup.zsh
[0.269s] -- Installing: /home/rds/Desktop/git_ws/my_mobile/install/my_robot_gazebo/share/my_robot_gazebo/local_setup.dsv
[0.269s] -- Installing: /home/rds/Desktop/git_ws/my_mobile/install/my_robot_gazebo/share/my_robot_gazebo/package.dsv
[0.269s] -- Up-to-date: /home/rds/Desktop/git_ws/my_mobile/install/my_robot_gazebo/share/ament_index/resource_index/packages/my_robot_gazebo
[0.270s] -- Up-to-date: /home/rds/Desktop/git_ws/my_mobile/install/my_robot_gazebo/share/my_robot_gazebo/cmake/my_robot_gazeboConfig.cmake
[0.270s] -- Up-to-date: /home/rds/Desktop/git_ws/my_mobile/install/my_robot_gazebo/share/my_robot_gazebo/cmake/my_robot_gazeboConfig-version.cmake
[0.270s] -- Up-to-date: /home/rds/Desktop/git_ws/my_mobile/install/my_robot_gazebo/share/my_robot_gazebo/package.xml
[0.270s] Invoked command in '/home/rds/Desktop/git_ws/my_mobile/build/my_robot_gazebo' returned '0': CMAKE_PREFIX_PATH=${CMAKE_PREFIX_PATH}:/opt/ros/humble /usr/bin/cmake --install /home/rds/Desktop/git_ws/my_mobile/build/my_robot_gazebo
