[0.011s] Invoking command in '/home/rds/Desktop/git_ws/SLAM_repo/build/my_robot_navigation': CMAKE_PREFIX_PATH=${CMAKE_PREFIX_PATH}:/home/rds/Desktop/git_ws/ROS_ws/install/opencv_tutorials:/home/rds/Desktop/git_ws/ROS_ws/install/first_package:/home/rds/Desktop/git_ws/ROS_ws/install/camera_app_pkg:/opt/ros/humble /usr/bin/cmake --build /home/rds/Desktop/git_ws/SLAM_repo/build/my_robot_navigation -- -j8 -l8
[0.017s] [0mCMake Error: The current CMakeCache.txt directory /home/rds/Desktop/git_ws/SLAM_repo/build/my_robot_navigation/CMakeCache.txt is different than the directory /home/rds/Desktop/git_ws/my_mobile/build/my_robot_navigation where CMakeCache.txt was created. This may result in binaries being created in the wrong place. If you are not sure, reedit the CMakeCache.txt[0m
[0.041s] Invoked command in '/home/rds/Desktop/git_ws/SLAM_repo/build/my_robot_navigation' returned '0': CMAKE_PREFIX_PATH=${CMAKE_PREFIX_PATH}:/home/rds/Desktop/git_ws/ROS_ws/install/opencv_tutorials:/home/rds/Desktop/git_ws/ROS_ws/install/first_package:/home/rds/Desktop/git_ws/ROS_ws/install/camera_app_pkg:/opt/ros/humble /usr/bin/cmake --build /home/rds/Desktop/git_ws/SLAM_repo/build/my_robot_navigation -- -j8 -l8
[0.059s] Invoking command in '/home/rds/Desktop/git_ws/SLAM_repo/build/my_robot_navigation': CMAKE_PREFIX_PATH=${CMAKE_PREFIX_PATH}:/home/rds/Desktop/git_ws/ROS_ws/install/opencv_tutorials:/home/rds/Desktop/git_ws/ROS_ws/install/first_package:/home/rds/Desktop/git_ws/ROS_ws/install/camera_app_pkg:/opt/ros/humble /usr/bin/cmake --install /home/rds/Desktop/git_ws/SLAM_repo/build/my_robot_navigation
[0.073s] -- Install configuration: ""
[0.073s] -- Up-to-date: /home/rds/Desktop/git_ws/my_mobile/install/my_robot_navigation/share/my_robot_navigation/launch
[0.074s] -- Up-to-date: /home/rds/Desktop/git_ws/my_mobile/install/my_robot_navigation/share/my_robot_navigation/launch/map_building.launch.xml
[0.074s] -- Up-to-date: /home/rds/Desktop/git_ws/my_mobile/install/my_robot_navigation/share/my_robot_navigation/config
[0.074s] -- Up-to-date: /home/rds/Desktop/git_ws/my_mobile/install/my_robot_navigation/share/my_robot_navigation/config/mapper_params.yaml
[0.074s] -- Up-to-date: /home/rds/Desktop/git_ws/my_mobile/install/my_robot_navigation/share/ament_index/resource_index/package_run_dependencies/my_robot_navigation
[0.074s] -- Up-to-date: /home/rds/Desktop/git_ws/my_mobile/install/my_robot_navigation/share/ament_index/resource_index/parent_prefix_path/my_robot_navigation
[0.074s] -- Up-to-date: /home/rds/Desktop/git_ws/my_mobile/install/my_robot_navigation/share/my_robot_navigation/environment/ament_prefix_path.sh
[0.074s] -- Up-to-date: /home/rds/Desktop/git_ws/my_mobile/install/my_robot_navigation/share/my_robot_navigation/environment/ament_prefix_path.dsv
[0.074s] -- Up-to-date: /home/rds/Desktop/git_ws/my_mobile/install/my_robot_navigation/share/my_robot_navigation/environment/path.sh
[0.075s] -- Up-to-date: /home/rds/Desktop/git_ws/my_mobile/install/my_robot_navigation/share/my_robot_navigation/environment/path.dsv
[0.075s] -- Up-to-date: /home/rds/Desktop/git_ws/my_mobile/install/my_robot_navigation/share/my_robot_navigation/local_setup.bash
[0.075s] -- Up-to-date: /home/rds/Desktop/git_ws/my_mobile/install/my_robot_navigation/share/my_robot_navigation/local_setup.sh
[0.075s] -- Up-to-date: /home/rds/Desktop/git_ws/my_mobile/install/my_robot_navigation/share/my_robot_navigation/local_setup.zsh
[0.075s] -- Up-to-date: /home/rds/Desktop/git_ws/my_mobile/install/my_robot_navigation/share/my_robot_navigation/local_setup.dsv
[0.075s] -- Up-to-date: /home/rds/Desktop/git_ws/my_mobile/install/my_robot_navigation/share/my_robot_navigation/package.dsv
[0.075s] -- Up-to-date: /home/rds/Desktop/git_ws/my_mobile/install/my_robot_navigation/share/ament_index/resource_index/packages/my_robot_navigation
[0.076s] -- Up-to-date: /home/rds/Desktop/git_ws/my_mobile/install/my_robot_navigation/share/my_robot_navigation/cmake/my_robot_navigationConfig.cmake
[0.076s] -- Up-to-date: /home/rds/Desktop/git_ws/my_mobile/install/my_robot_navigation/share/my_robot_navigation/cmake/my_robot_navigationConfig-version.cmake
[0.076s] -- Up-to-date: /home/rds/Desktop/git_ws/my_mobile/install/my_robot_navigation/share/my_robot_navigation/package.xml
[0.084s] Invoked command in '/home/rds/Desktop/git_ws/SLAM_repo/build/my_robot_navigation' returned '0': CMAKE_PREFIX_PATH=${CMAKE_PREFIX_PATH}:/home/rds/Desktop/git_ws/ROS_ws/install/opencv_tutorials:/home/rds/Desktop/git_ws/ROS_ws/install/first_package:/home/rds/Desktop/git_ws/ROS_ws/install/camera_app_pkg:/opt/ros/humble /usr/bin/cmake --install /home/rds/Desktop/git_ws/SLAM_repo/build/my_robot_navigation
