[0.007s] Invoking command in '/home/rds/Desktop/git_ws/my_mobile/build/my_robot_gazebo': CMAKE_PREFIX_PATH=${CMAKE_PREFIX_PATH}:/opt/ros/humble /usr/bin/cmake /home/rds/Desktop/git_ws/my_mobile/src/my_robot_gazebo -DCMAKE_INSTALL_PREFIX=/home/rds/Desktop/git_ws/my_mobile/install/my_robot_gazebo
[0.047s] -- The C compiler identification is GNU 11.4.0
[0.088s] -- The CXX compiler identification is GNU 11.4.0
[0.093s] -- Detecting C compiler ABI info
[0.143s] -- Detecting C compiler ABI info - done
[0.148s] -- Check for working C compiler: /usr/bin/cc - skipped
[0.148s] -- Detecting C compile features
[0.149s] -- Detecting C compile features - done
[0.151s] -- Detecting CXX compiler ABI info
[0.209s] -- Detecting CXX compiler ABI info - done
[0.215s] -- Check for working CXX compiler: /usr/bin/c++ - skipped
[0.215s] -- Detecting CXX compile features
[0.215s] -- Detecting CXX compile features - done
[0.217s] -- Found ament_cmake: 1.3.8 (/opt/ros/humble/share/ament_cmake/cmake)
[0.322s] -- Found Python3: /usr/bin/python3 (found version "3.10.12") found components: Interpreter 
[0.382s] -- Found ament_lint_auto: 0.12.10 (/opt/ros/humble/share/ament_lint_auto/cmake)
[0.435s] -- Added test 'lint_cmake' to check CMake code style
[0.436s] -- Added test 'xmllint' to check XML markup files
[0.437s] -- Configuring done
[0.440s] -- Generating done
[0.441s] -- Build files have been written to: /home/rds/Desktop/git_ws/my_mobile/build/my_robot_gazebo
[0.447s] Invoked command in '/home/rds/Desktop/git_ws/my_mobile/build/my_robot_gazebo' returned '0': CMAKE_PREFIX_PATH=${CMAKE_PREFIX_PATH}:/opt/ros/humble /usr/bin/cmake /home/rds/Desktop/git_ws/my_mobile/src/my_robot_gazebo -DCMAKE_INSTALL_PREFIX=/home/rds/Desktop/git_ws/my_mobile/install/my_robot_gazebo
[0.448s] Invoking command in '/home/rds/Desktop/git_ws/my_mobile/build/my_robot_gazebo': CMAKE_PREFIX_PATH=${CMAKE_PREFIX_PATH}:/opt/ros/humble /usr/bin/cmake --build /home/rds/Desktop/git_ws/my_mobile/build/my_robot_gazebo -- -j8 -l8
[0.478s] Invoked command in '/home/rds/Desktop/git_ws/my_mobile/build/my_robot_gazebo' returned '0': CMAKE_PREFIX_PATH=${CMAKE_PREFIX_PATH}:/opt/ros/humble /usr/bin/cmake --build /home/rds/Desktop/git_ws/my_mobile/build/my_robot_gazebo -- -j8 -l8
[0.496s] Invoking command in '/home/rds/Desktop/git_ws/my_mobile/build/my_robot_gazebo': CMAKE_PREFIX_PATH=${CMAKE_PREFIX_PATH}:/opt/ros/humble /usr/bin/cmake --install /home/rds/Desktop/git_ws/my_mobile/build/my_robot_gazebo
[0.502s] -- Install configuration: ""
[0.502s] -- Installing: /home/rds/Desktop/git_ws/my_mobile/install/my_robot_gazebo/share/my_robot_gazebo/launch
[0.502s] -- Installing: /home/rds/Desktop/git_ws/my_mobile/install/my_robot_gazebo/share/my_robot_gazebo/launch/upload.launch.xml
[0.502s] -- Installing: /home/rds/Desktop/git_ws/my_mobile/install/my_robot_gazebo/share/my_robot_gazebo/launch/launch_sim.launch.xml
[0.502s] -- Installing: /home/rds/Desktop/git_ws/my_mobile/install/my_robot_gazebo/share/ament_index/resource_index/package_run_dependencies/my_robot_gazebo
[0.502s] -- Installing: /home/rds/Desktop/git_ws/my_mobile/install/my_robot_gazebo/share/ament_index/resource_index/parent_prefix_path/my_robot_gazebo
[0.503s] -- Installing: /home/rds/Desktop/git_ws/my_mobile/install/my_robot_gazebo/share/my_robot_gazebo/environment/ament_prefix_path.sh
[0.503s] -- Installing: /home/rds/Desktop/git_ws/my_mobile/install/my_robot_gazebo/share/my_robot_gazebo/environment/ament_prefix_path.dsv
[0.503s] -- Installing: /home/rds/Desktop/git_ws/my_mobile/install/my_robot_gazebo/share/my_robot_gazebo/environment/path.sh
[0.503s] -- Installing: /home/rds/Desktop/git_ws/my_mobile/install/my_robot_gazebo/share/my_robot_gazebo/environment/path.dsv
[0.503s] -- Installing: /home/rds/Desktop/git_ws/my_mobile/install/my_robot_gazebo/share/my_robot_gazebo/local_setup.bash
[0.503s] -- Installing: /home/rds/Desktop/git_ws/my_mobile/install/my_robot_gazebo/share/my_robot_gazebo/local_setup.sh
[0.503s] -- Installing: /home/rds/Desktop/git_ws/my_mobile/install/my_robot_gazebo/share/my_robot_gazebo/local_setup.zsh
[0.503s] -- Installing: /home/rds/Desktop/git_ws/my_mobile/install/my_robot_gazebo/share/my_robot_gazebo/local_setup.dsv
[0.503s] -- Installing: /home/rds/Desktop/git_ws/my_mobile/install/my_robot_gazebo/share/my_robot_gazebo/package.dsv
[0.503s] -- Installing: /home/rds/Desktop/git_ws/my_mobile/install/my_robot_gazebo/share/ament_index/resource_index/packages/my_robot_gazebo
[0.503s] -- Installing: /home/rds/Desktop/git_ws/my_mobile/install/my_robot_gazebo/share/my_robot_gazebo/cmake/my_robot_gazeboConfig.cmake
[0.503s] -- Installing: /home/rds/Desktop/git_ws/my_mobile/install/my_robot_gazebo/share/my_robot_gazebo/cmake/my_robot_gazeboConfig-version.cmake
[0.503s] -- Installing: /home/rds/Desktop/git_ws/my_mobile/install/my_robot_gazebo/share/my_robot_gazebo/package.xml
[0.505s] Invoked command in '/home/rds/Desktop/git_ws/my_mobile/build/my_robot_gazebo' returned '0': CMAKE_PREFIX_PATH=${CMAKE_PREFIX_PATH}:/opt/ros/humble /usr/bin/cmake --install /home/rds/Desktop/git_ws/my_mobile/build/my_robot_gazebo
