[0.011s] Invoking command in '/home/rds/Desktop/git_ws/SLAM_repo/build/my_robot_gazebo': CMAKE_PREFIX_PATH=${CMAKE_PREFIX_PATH}:/home/rds/Desktop/git_ws/ROS_ws/install/opencv_tutorials:/home/rds/Desktop/git_ws/ROS_ws/install/first_package:/home/rds/Desktop/git_ws/ROS_ws/install/camera_app_pkg:/opt/ros/humble /usr/bin/cmake /home/rds/Desktop/git_ws/SLAM_repo/src/my_robot_gazebo -DCMAKE_INSTALL_PREFIX=/home/rds/Desktop/git_ws/SLAM_repo/install/my_robot_gazebo
[0.047s] -- The C compiler identification is GNU 11.4.0
[0.085s] -- The CXX compiler identification is GNU 11.4.0
[0.091s] -- Detecting C compiler ABI info
[0.138s] -- Detecting C compiler ABI info - done
[0.143s] -- Check for working C compiler: /usr/bin/cc - skipped
[0.144s] -- Detecting C compile features
[0.144s] -- Detecting C compile features - done
[0.146s] -- Detecting CXX compiler ABI info
[0.199s] -- Detecting CXX compiler ABI info - done
[0.203s] -- Check for working CXX compiler: /usr/bin/c++ - skipped
[0.204s] -- Detecting CXX compile features
[0.204s] -- Detecting CXX compile features - done
[0.206s] -- Found ament_cmake: 1.3.8 (/opt/ros/humble/share/ament_cmake/cmake)
[0.317s] -- Found Python3: /usr/bin/python3 (found version "3.10.12") found components: Interpreter 
[0.391s] -- Found ament_lint_auto: 0.12.10 (/opt/ros/humble/share/ament_lint_auto/cmake)
[0.471s] -- Added test 'lint_cmake' to check CMake code style
[0.473s] -- Added test 'xmllint' to check XML markup files
[0.474s] -- Configuring done
[0.476s] -- Generating done
[0.477s] -- Build files have been written to: /home/rds/Desktop/git_ws/SLAM_repo/build/my_robot_gazebo
[0.482s] Invoked command in '/home/rds/Desktop/git_ws/SLAM_repo/build/my_robot_gazebo' returned '0': CMAKE_PREFIX_PATH=${CMAKE_PREFIX_PATH}:/home/rds/Desktop/git_ws/ROS_ws/install/opencv_tutorials:/home/rds/Desktop/git_ws/ROS_ws/install/first_package:/home/rds/Desktop/git_ws/ROS_ws/install/camera_app_pkg:/opt/ros/humble /usr/bin/cmake /home/rds/Desktop/git_ws/SLAM_repo/src/my_robot_gazebo -DCMAKE_INSTALL_PREFIX=/home/rds/Desktop/git_ws/SLAM_repo/install/my_robot_gazebo
[0.485s] Invoking command in '/home/rds/Desktop/git_ws/SLAM_repo/build/my_robot_gazebo': CMAKE_PREFIX_PATH=${CMAKE_PREFIX_PATH}:/home/rds/Desktop/git_ws/ROS_ws/install/opencv_tutorials:/home/rds/Desktop/git_ws/ROS_ws/install/first_package:/home/rds/Desktop/git_ws/ROS_ws/install/camera_app_pkg:/opt/ros/humble /usr/bin/cmake --build /home/rds/Desktop/git_ws/SLAM_repo/build/my_robot_gazebo -- -j8 -l8
[0.535s] Invoked command in '/home/rds/Desktop/git_ws/SLAM_repo/build/my_robot_gazebo' returned '0': CMAKE_PREFIX_PATH=${CMAKE_PREFIX_PATH}:/home/rds/Desktop/git_ws/ROS_ws/install/opencv_tutorials:/home/rds/Desktop/git_ws/ROS_ws/install/first_package:/home/rds/Desktop/git_ws/ROS_ws/install/camera_app_pkg:/opt/ros/humble /usr/bin/cmake --build /home/rds/Desktop/git_ws/SLAM_repo/build/my_robot_gazebo -- -j8 -l8
[0.559s] Invoking command in '/home/rds/Desktop/git_ws/SLAM_repo/build/my_robot_gazebo': CMAKE_PREFIX_PATH=${CMAKE_PREFIX_PATH}:/home/rds/Desktop/git_ws/ROS_ws/install/opencv_tutorials:/home/rds/Desktop/git_ws/ROS_ws/install/first_package:/home/rds/Desktop/git_ws/ROS_ws/install/camera_app_pkg:/opt/ros/humble /usr/bin/cmake --install /home/rds/Desktop/git_ws/SLAM_repo/build/my_robot_gazebo
[0.565s] -- Install configuration: ""
[0.566s] -- Up-to-date: /home/rds/Desktop/git_ws/SLAM_repo/install/my_robot_gazebo/share/my_robot_gazebo/launch
[0.566s] -- Up-to-date: /home/rds/Desktop/git_ws/SLAM_repo/install/my_robot_gazebo/share/my_robot_gazebo/launch/launch_sim.launch.xml
[0.566s] -- Up-to-date: /home/rds/Desktop/git_ws/SLAM_repo/install/my_robot_gazebo/share/my_robot_gazebo/config
[0.566s] -- Up-to-date: /home/rds/Desktop/git_ws/SLAM_repo/install/my_robot_gazebo/share/my_robot_gazebo/config/my_controllers.yaml
[0.566s] -- Up-to-date: /home/rds/Desktop/git_ws/SLAM_repo/install/my_robot_gazebo/share/my_robot_gazebo/worlds
[0.566s] -- Up-to-date: /home/rds/Desktop/git_ws/SLAM_repo/install/my_robot_gazebo/share/my_robot_gazebo/worlds/empty.world
[0.566s] -- Up-to-date: /home/rds/Desktop/git_ws/SLAM_repo/install/my_robot_gazebo/share/my_robot_gazebo/worlds/simple_building.world
[0.566s] -- Up-to-date: /home/rds/Desktop/git_ws/SLAM_repo/install/my_robot_gazebo/share/my_robot_gazebo/worlds/my_world.world
[0.566s] -- Up-to-date: /home/rds/Desktop/git_ws/SLAM_repo/install/my_robot_gazebo/share/my_robot_gazebo/models
[0.566s] -- Up-to-date: /home/rds/Desktop/git_ws/SLAM_repo/install/my_robot_gazebo/share/my_robot_gazebo/models/.empty
[0.566s] -- Up-to-date: /home/rds/Desktop/git_ws/SLAM_repo/install/my_robot_gazebo/share/my_robot_gazebo/models/my_world
[0.566s] -- Up-to-date: /home/rds/Desktop/git_ws/SLAM_repo/install/my_robot_gazebo/share/my_robot_gazebo/models/my_world/model.sdf
[0.566s] -- Up-to-date: /home/rds/Desktop/git_ws/SLAM_repo/install/my_robot_gazebo/share/my_robot_gazebo/models/my_world/model.config
[0.566s] -- Up-to-date: /home/rds/Desktop/git_ws/SLAM_repo/install/my_robot_gazebo/share/my_robot_gazebo/models/simple_building
[0.566s] -- Up-to-date: /home/rds/Desktop/git_ws/SLAM_repo/install/my_robot_gazebo/share/my_robot_gazebo/models/simple_building/model.sdf
[0.566s] -- Up-to-date: /home/rds/Desktop/git_ws/SLAM_repo/install/my_robot_gazebo/share/my_robot_gazebo/models/simple_building/model.config
[0.566s] -- Installing: /home/rds/Desktop/git_ws/SLAM_repo/install/my_robot_gazebo/share/ament_index/resource_index/package_run_dependencies/my_robot_gazebo
[0.566s] -- Installing: /home/rds/Desktop/git_ws/SLAM_repo/install/my_robot_gazebo/share/ament_index/resource_index/parent_prefix_path/my_robot_gazebo
[0.566s] -- Up-to-date: /home/rds/Desktop/git_ws/SLAM_repo/install/my_robot_gazebo/share/my_robot_gazebo/environment/ament_prefix_path.sh
[0.567s] -- Installing: /home/rds/Desktop/git_ws/SLAM_repo/install/my_robot_gazebo/share/my_robot_gazebo/environment/ament_prefix_path.dsv
[0.567s] -- Up-to-date: /home/rds/Desktop/git_ws/SLAM_repo/install/my_robot_gazebo/share/my_robot_gazebo/environment/path.sh
[0.567s] -- Installing: /home/rds/Desktop/git_ws/SLAM_repo/install/my_robot_gazebo/share/my_robot_gazebo/environment/path.dsv
[0.567s] -- Installing: /home/rds/Desktop/git_ws/SLAM_repo/install/my_robot_gazebo/share/my_robot_gazebo/local_setup.bash
[0.567s] -- Installing: /home/rds/Desktop/git_ws/SLAM_repo/install/my_robot_gazebo/share/my_robot_gazebo/local_setup.sh
[0.567s] -- Installing: /home/rds/Desktop/git_ws/SLAM_repo/install/my_robot_gazebo/share/my_robot_gazebo/local_setup.zsh
[0.567s] -- Installing: /home/rds/Desktop/git_ws/SLAM_repo/install/my_robot_gazebo/share/my_robot_gazebo/local_setup.dsv
[0.567s] -- Installing: /home/rds/Desktop/git_ws/SLAM_repo/install/my_robot_gazebo/share/my_robot_gazebo/package.dsv
[0.568s] -- Installing: /home/rds/Desktop/git_ws/SLAM_repo/install/my_robot_gazebo/share/ament_index/resource_index/packages/my_robot_gazebo
[0.568s] -- Installing: /home/rds/Desktop/git_ws/SLAM_repo/install/my_robot_gazebo/share/my_robot_gazebo/cmake/my_robot_gazeboConfig.cmake
[0.568s] -- Installing: /home/rds/Desktop/git_ws/SLAM_repo/install/my_robot_gazebo/share/my_robot_gazebo/cmake/my_robot_gazeboConfig-version.cmake
[0.569s] -- Up-to-date: /home/rds/Desktop/git_ws/SLAM_repo/install/my_robot_gazebo/share/my_robot_gazebo/package.xml
[0.582s] Invoked command in '/home/rds/Desktop/git_ws/SLAM_repo/build/my_robot_gazebo' returned '0': CMAKE_PREFIX_PATH=${CMAKE_PREFIX_PATH}:/home/rds/Desktop/git_ws/ROS_ws/install/opencv_tutorials:/home/rds/Desktop/git_ws/ROS_ws/install/first_package:/home/rds/Desktop/git_ws/ROS_ws/install/camera_app_pkg:/opt/ros/humble /usr/bin/cmake --install /home/rds/Desktop/git_ws/SLAM_repo/build/my_robot_gazebo
