[0.013s] Invoking command in '/home/rds/Desktop/git_ws/SLAM_repo/build/my_robot_description': CMAKE_PREFIX_PATH=${CMAKE_PREFIX_PATH}:/home/rds/Desktop/git_ws/ROS_ws/install/opencv_tutorials:/home/rds/Desktop/git_ws/ROS_ws/install/first_package:/home/rds/Desktop/git_ws/ROS_ws/install/camera_app_pkg:/opt/ros/humble /usr/bin/cmake --build /home/rds/Desktop/git_ws/SLAM_repo/build/my_robot_description -- -j8 -l8
[0.019s] [0mCMake Error: The current CMakeCache.txt directory /home/rds/Desktop/git_ws/SLAM_repo/build/my_robot_description/CMakeCache.txt is different than the directory /home/rds/Desktop/git_ws/my_mobile/build/my_robot_description where CMakeCache.txt was created. This may result in binaries being created in the wrong place. If you are not sure, reedit the CMakeCache.txt[0m
[0.042s] Invoked command in '/home/rds/Desktop/git_ws/SLAM_repo/build/my_robot_description' returned '0': CMAKE_PREFIX_PATH=${CMAKE_PREFIX_PATH}:/home/rds/Desktop/git_ws/ROS_ws/install/opencv_tutorials:/home/rds/Desktop/git_ws/ROS_ws/install/first_package:/home/rds/Desktop/git_ws/ROS_ws/install/camera_app_pkg:/opt/ros/humble /usr/bin/cmake --build /home/rds/Desktop/git_ws/SLAM_repo/build/my_robot_description -- -j8 -l8
[0.064s] Invoking command in '/home/rds/Desktop/git_ws/SLAM_repo/build/my_robot_description': CMAKE_PREFIX_PATH=${CMAKE_PREFIX_PATH}:/home/rds/Desktop/git_ws/ROS_ws/install/opencv_tutorials:/home/rds/Desktop/git_ws/ROS_ws/install/first_package:/home/rds/Desktop/git_ws/ROS_ws/install/camera_app_pkg:/opt/ros/humble /usr/bin/cmake --install /home/rds/Desktop/git_ws/SLAM_repo/build/my_robot_description
[0.069s] -- Install configuration: ""
[0.069s] -- Up-to-date: /home/rds/Desktop/git_ws/my_mobile/install/my_robot_description/share/my_robot_description/rviz
[0.069s] -- Up-to-date: /home/rds/Desktop/git_ws/my_mobile/install/my_robot_description/share/my_robot_description/urdf
[0.069s] -- Up-to-date: /home/rds/Desktop/git_ws/my_mobile/install/my_robot_description/share/my_robot_description/urdf/robot.urdf.xacro
[0.069s] -- Up-to-date: /home/rds/Desktop/git_ws/my_mobile/install/my_robot_description/share/my_robot_description/urdf/lidar.xacro
[0.069s] -- Up-to-date: /home/rds/Desktop/git_ws/my_mobile/install/my_robot_description/share/my_robot_description/urdf/gazebo_control.xacro
[0.069s] -- Up-to-date: /home/rds/Desktop/git_ws/my_mobile/install/my_robot_description/share/my_robot_description/urdf/robot_core.xacro
[0.069s] -- Up-to-date: /home/rds/Desktop/git_ws/my_mobile/install/my_robot_description/share/my_robot_description/urdf/robot_gazebo.xacro
[0.070s] -- Up-to-date: /home/rds/Desktop/git_ws/my_mobile/install/my_robot_description/share/my_robot_description/urdf/camera.xacro
[0.070s] -- Up-to-date: /home/rds/Desktop/git_ws/my_mobile/install/my_robot_description/share/my_robot_description/urdf/ros2_control.xacro
[0.070s] -- Up-to-date: /home/rds/Desktop/git_ws/my_mobile/install/my_robot_description/share/my_robot_description/launch
[0.070s] -- Up-to-date: /home/rds/Desktop/git_ws/my_mobile/install/my_robot_description/share/my_robot_description/launch/display.launch.xml
[0.070s] -- Up-to-date: /home/rds/Desktop/git_ws/my_mobile/install/my_robot_description/share/my_robot_description/launch/upload.launch.xml
[0.070s] -- Up-to-date: /home/rds/Desktop/git_ws/my_mobile/install/my_robot_description/share/my_robot_description/meshes
[0.070s] -- Up-to-date: /home/rds/Desktop/git_ws/my_mobile/install/my_robot_description/share/my_robot_description/meshes/visual
[0.070s] -- Up-to-date: /home/rds/Desktop/git_ws/my_mobile/install/my_robot_description/share/my_robot_description/meshes/visual/ul_sensor.dae
[0.070s] -- Up-to-date: /home/rds/Desktop/git_ws/my_mobile/install/my_robot_description/share/my_robot_description/meshes/visual/ydlidar_x2_assy.dae
[0.070s] -- Up-to-date: /home/rds/Desktop/git_ws/my_mobile/install/my_robot_description/share/my_robot_description/meshes/visual/wheel.png
[0.071s] -- Up-to-date: /home/rds/Desktop/git_ws/my_mobile/install/my_robot_description/share/my_robot_description/meshes/visual/front_camera.png
[0.071s] -- Up-to-date: /home/rds/Desktop/git_ws/my_mobile/install/my_robot_description/share/my_robot_description/meshes/visual/front_camera.dae
[0.071s] -- Up-to-date: /home/rds/Desktop/git_ws/my_mobile/install/my_robot_description/share/my_robot_description/meshes/visual/wheel.dae
[0.071s] -- Up-to-date: /home/rds/Desktop/git_ws/my_mobile/install/my_robot_description/share/my_robot_description/meshes/visual/base_link.dae
[0.071s] -- Up-to-date: /home/rds/Desktop/git_ws/my_mobile/install/my_robot_description/share/my_robot_description/meshes/visual/ydlidar_x2.png
[0.071s] -- Up-to-date: /home/rds/Desktop/git_ws/my_mobile/install/my_robot_description/share/my_robot_description/meshes/collision
[0.072s] -- Up-to-date: /home/rds/Desktop/git_ws/my_mobile/install/my_robot_description/share/my_robot_description/meshes/collision/ydlidar_x2_assy.stl
[0.072s] -- Up-to-date: /home/rds/Desktop/git_ws/my_mobile/install/my_robot_description/share/my_robot_description/meshes/collision/ul_sensor.stl
[0.072s] -- Up-to-date: /home/rds/Desktop/git_ws/my_mobile/install/my_robot_description/share/my_robot_description/meshes/collision/front_camera.stl
[0.072s] -- Up-to-date: /home/rds/Desktop/git_ws/my_mobile/install/my_robot_description/share/my_robot_description/meshes/collision/wheel.stl
[0.072s] -- Up-to-date: /home/rds/Desktop/git_ws/my_mobile/install/my_robot_description/share/my_robot_description/meshes/collision/base_link.stl
[0.072s] -- Up-to-date: /home/rds/Desktop/git_ws/my_mobile/install/my_robot_description/share/ament_index/resource_index/package_run_dependencies/my_robot_description
[0.072s] -- Up-to-date: /home/rds/Desktop/git_ws/my_mobile/install/my_robot_description/share/ament_index/resource_index/parent_prefix_path/my_robot_description
[0.072s] -- Up-to-date: /home/rds/Desktop/git_ws/my_mobile/install/my_robot_description/share/my_robot_description/environment/ament_prefix_path.sh
[0.072s] -- Up-to-date: /home/rds/Desktop/git_ws/my_mobile/install/my_robot_description/share/my_robot_description/environment/ament_prefix_path.dsv
[0.072s] -- Up-to-date: /home/rds/Desktop/git_ws/my_mobile/install/my_robot_description/share/my_robot_description/environment/path.sh
[0.078s] -- Up-to-date: /home/rds/Desktop/git_ws/my_mobile/install/my_robot_description/share/my_robot_description/environment/path.dsv
[0.079s] -- Up-to-date: /home/rds/Desktop/git_ws/my_mobile/install/my_robot_description/share/my_robot_description/local_setup.bash
[0.079s] -- Up-to-date: /home/rds/Desktop/git_ws/my_mobile/install/my_robot_description/share/my_robot_description/local_setup.sh
[0.079s] -- Up-to-date: /home/rds/Desktop/git_ws/my_mobile/install/my_robot_description/share/my_robot_description/local_setup.zsh
[0.079s] -- Up-to-date: /home/rds/Desktop/git_ws/my_mobile/install/my_robot_description/share/my_robot_description/local_setup.dsv
[0.079s] -- Up-to-date: /home/rds/Desktop/git_ws/my_mobile/install/my_robot_description/share/my_robot_description/package.dsv
[0.080s] -- Up-to-date: /home/rds/Desktop/git_ws/my_mobile/install/my_robot_description/share/ament_index/resource_index/packages/my_robot_description
[0.080s] -- Up-to-date: /home/rds/Desktop/git_ws/my_mobile/install/my_robot_description/share/my_robot_description/cmake/my_robot_descriptionConfig.cmake
[0.080s] -- Up-to-date: /home/rds/Desktop/git_ws/my_mobile/install/my_robot_description/share/my_robot_description/cmake/my_robot_descriptionConfig-version.cmake
[0.080s] -- Up-to-date: /home/rds/Desktop/git_ws/my_mobile/install/my_robot_description/share/my_robot_description/package.xml
[0.096s] Invoked command in '/home/rds/Desktop/git_ws/SLAM_repo/build/my_robot_description' returned '0': CMAKE_PREFIX_PATH=${CMAKE_PREFIX_PATH}:/home/rds/Desktop/git_ws/ROS_ws/install/opencv_tutorials:/home/rds/Desktop/git_ws/ROS_ws/install/first_package:/home/rds/Desktop/git_ws/ROS_ws/install/camera_app_pkg:/opt/ros/humble /usr/bin/cmake --install /home/rds/Desktop/git_ws/SLAM_repo/build/my_robot_description
