[0.012s] Invoking command in '/home/rds/Desktop/git_ws/SLAM_repo/build/my_robot_gazebo': CMAKE_PREFIX_PATH=${CMAKE_PREFIX_PATH}:/home/rds/Desktop/git_ws/ROS_ws/install/opencv_tutorials:/home/rds/Desktop/git_ws/ROS_ws/install/first_package:/home/rds/Desktop/git_ws/ROS_ws/install/camera_app_pkg:/opt/ros/humble /usr/bin/cmake --build /home/rds/Desktop/git_ws/SLAM_repo/build/my_robot_gazebo -- -j8 -l8
[0.017s] [0mCMake Error: The current CMakeCache.txt directory /home/rds/Desktop/git_ws/SLAM_repo/build/my_robot_gazebo/CMakeCache.txt is different than the directory /home/rds/Desktop/git_ws/my_mobile/build/my_robot_gazebo where CMakeCache.txt was created. This may result in binaries being created in the wrong place. If you are not sure, reedit the CMakeCache.txt[0m
[0.040s] Invoked command in '/home/rds/Desktop/git_ws/SLAM_repo/build/my_robot_gazebo' returned '0': CMAKE_PREFIX_PATH=${CMAKE_PREFIX_PATH}:/home/rds/Desktop/git_ws/ROS_ws/install/opencv_tutorials:/home/rds/Desktop/git_ws/ROS_ws/install/first_package:/home/rds/Desktop/git_ws/ROS_ws/install/camera_app_pkg:/opt/ros/humble /usr/bin/cmake --build /home/rds/Desktop/git_ws/SLAM_repo/build/my_robot_gazebo -- -j8 -l8
[0.061s] Invoking command in '/home/rds/Desktop/git_ws/SLAM_repo/build/my_robot_gazebo': CMAKE_PREFIX_PATH=${CMAKE_PREFIX_PATH}:/home/rds/Desktop/git_ws/ROS_ws/install/opencv_tutorials:/home/rds/Desktop/git_ws/ROS_ws/install/first_package:/home/rds/Desktop/git_ws/ROS_ws/install/camera_app_pkg:/opt/ros/humble /usr/bin/cmake --install /home/rds/Desktop/git_ws/SLAM_repo/build/my_robot_gazebo
[0.071s] -- Install configuration: ""
[0.071s] -- Up-to-date: /home/rds/Desktop/git_ws/my_mobile/install/my_robot_gazebo/share/my_robot_gazebo/launch
[0.071s] -- Up-to-date: /home/rds/Desktop/git_ws/my_mobile/install/my_robot_gazebo/share/my_robot_gazebo/launch/launch_sim.launch.xml
[0.071s] -- Up-to-date: /home/rds/Desktop/git_ws/my_mobile/install/my_robot_gazebo/share/my_robot_gazebo/config
[0.071s] -- Up-to-date: /home/rds/Desktop/git_ws/my_mobile/install/my_robot_gazebo/share/my_robot_gazebo/config/my_controllers.yaml
[0.071s] -- Up-to-date: /home/rds/Desktop/git_ws/my_mobile/install/my_robot_gazebo/share/my_robot_gazebo/worlds
[0.071s] -- Up-to-date: /home/rds/Desktop/git_ws/my_mobile/install/my_robot_gazebo/share/my_robot_gazebo/worlds/empty.world
[0.071s] -- Up-to-date: /home/rds/Desktop/git_ws/my_mobile/install/my_robot_gazebo/share/my_robot_gazebo/worlds/simple_building.world
[0.071s] -- Up-to-date: /home/rds/Desktop/git_ws/my_mobile/install/my_robot_gazebo/share/my_robot_gazebo/worlds/my_world.world
[0.071s] -- Up-to-date: /home/rds/Desktop/git_ws/my_mobile/install/my_robot_gazebo/share/my_robot_gazebo/models
[0.071s] -- Up-to-date: /home/rds/Desktop/git_ws/my_mobile/install/my_robot_gazebo/share/my_robot_gazebo/models/.empty
[0.071s] -- Up-to-date: /home/rds/Desktop/git_ws/my_mobile/install/my_robot_gazebo/share/my_robot_gazebo/models/my_world
[0.071s] -- Up-to-date: /home/rds/Desktop/git_ws/my_mobile/install/my_robot_gazebo/share/my_robot_gazebo/models/my_world/model.sdf
[0.071s] -- Up-to-date: /home/rds/Desktop/git_ws/my_mobile/install/my_robot_gazebo/share/my_robot_gazebo/models/my_world/model.config
[0.071s] -- Up-to-date: /home/rds/Desktop/git_ws/my_mobile/install/my_robot_gazebo/share/my_robot_gazebo/models/simple_building
[0.071s] -- Up-to-date: /home/rds/Desktop/git_ws/my_mobile/install/my_robot_gazebo/share/my_robot_gazebo/models/simple_building/model.sdf
[0.071s] -- Up-to-date: /home/rds/Desktop/git_ws/my_mobile/install/my_robot_gazebo/share/my_robot_gazebo/models/simple_building/model.config
[0.071s] -- Up-to-date: /home/rds/Desktop/git_ws/my_mobile/install/my_robot_gazebo/share/ament_index/resource_index/package_run_dependencies/my_robot_gazebo
[0.071s] -- Up-to-date: /home/rds/Desktop/git_ws/my_mobile/install/my_robot_gazebo/share/ament_index/resource_index/parent_prefix_path/my_robot_gazebo
[0.071s] -- Up-to-date: /home/rds/Desktop/git_ws/my_mobile/install/my_robot_gazebo/share/my_robot_gazebo/environment/ament_prefix_path.sh
[0.071s] -- Up-to-date: /home/rds/Desktop/git_ws/my_mobile/install/my_robot_gazebo/share/my_robot_gazebo/environment/ament_prefix_path.dsv
[0.071s] -- Up-to-date: /home/rds/Desktop/git_ws/my_mobile/install/my_robot_gazebo/share/my_robot_gazebo/environment/path.sh
[0.072s] -- Up-to-date: /home/rds/Desktop/git_ws/my_mobile/install/my_robot_gazebo/share/my_robot_gazebo/environment/path.dsv
[0.072s] -- Up-to-date: /home/rds/Desktop/git_ws/my_mobile/install/my_robot_gazebo/share/my_robot_gazebo/local_setup.bash
[0.072s] -- Up-to-date: /home/rds/Desktop/git_ws/my_mobile/install/my_robot_gazebo/share/my_robot_gazebo/local_setup.sh
[0.072s] -- Up-to-date: /home/rds/Desktop/git_ws/my_mobile/install/my_robot_gazebo/share/my_robot_gazebo/local_setup.zsh
[0.072s] -- Up-to-date: /home/rds/Desktop/git_ws/my_mobile/install/my_robot_gazebo/share/my_robot_gazebo/local_setup.dsv
[0.072s] -- Up-to-date: /home/rds/Desktop/git_ws/my_mobile/install/my_robot_gazebo/share/my_robot_gazebo/package.dsv
[0.072s] -- Up-to-date: /home/rds/Desktop/git_ws/my_mobile/install/my_robot_gazebo/share/ament_index/resource_index/packages/my_robot_gazebo
[0.072s] -- Up-to-date: /home/rds/Desktop/git_ws/my_mobile/install/my_robot_gazebo/share/my_robot_gazebo/cmake/my_robot_gazeboConfig.cmake
[0.072s] -- Up-to-date: /home/rds/Desktop/git_ws/my_mobile/install/my_robot_gazebo/share/my_robot_gazebo/cmake/my_robot_gazeboConfig-version.cmake
[0.072s] -- Up-to-date: /home/rds/Desktop/git_ws/my_mobile/install/my_robot_gazebo/share/my_robot_gazebo/package.xml
[0.083s] Invoked command in '/home/rds/Desktop/git_ws/SLAM_repo/build/my_robot_gazebo' returned '0': CMAKE_PREFIX_PATH=${CMAKE_PREFIX_PATH}:/home/rds/Desktop/git_ws/ROS_ws/install/opencv_tutorials:/home/rds/Desktop/git_ws/ROS_ws/install/first_package:/home/rds/Desktop/git_ws/ROS_ws/install/camera_app_pkg:/opt/ros/humble /usr/bin/cmake --install /home/rds/Desktop/git_ws/SLAM_repo/build/my_robot_gazebo
