[0.007s] Invoking command in '/home/rds/Desktop/git_ws/my_mobile/build/my_robot_description': CMAKE_PREFIX_PATH=/opt/ros/humble /usr/bin/cmake /home/rds/Desktop/git_ws/my_mobile/src/my_robot_description -DCMAKE_INSTALL_PREFIX=/home/rds/Desktop/git_ws/my_mobile/install/my_robot_description
[0.015s] -- Found ament_cmake: 1.3.8 (/opt/ros/humble/share/ament_cmake/cmake)
[0.100s] -- Found ament_lint_auto: 0.12.10 (/opt/ros/humble/share/ament_lint_auto/cmake)
[0.148s] -- Added test 'lint_cmake' to check CMake code style
[0.149s] -- Added test 'xmllint' to check XML markup files
[0.150s] -- Configuring done
[0.151s] -- Generating done
[0.152s] -- Build files have been written to: /home/rds/Desktop/git_ws/my_mobile/build/my_robot_description
[0.154s] Invoked command in '/home/rds/Desktop/git_ws/my_mobile/build/my_robot_description' returned '0': CMAKE_PREFIX_PATH=/opt/ros/humble /usr/bin/cmake /home/rds/Desktop/git_ws/my_mobile/src/my_robot_description -DCMAKE_INSTALL_PREFIX=/home/rds/Desktop/git_ws/my_mobile/install/my_robot_description
[0.156s] Invoking command in '/home/rds/Desktop/git_ws/my_mobile/build/my_robot_description': CMAKE_PREFIX_PATH=/opt/ros/humble /usr/bin/cmake --build /home/rds/Desktop/git_ws/my_mobile/build/my_robot_description -- -j8 -l8
[0.183s] Invoked command in '/home/rds/Desktop/git_ws/my_mobile/build/my_robot_description' returned '0': CMAKE_PREFIX_PATH=/opt/ros/humble /usr/bin/cmake --build /home/rds/Desktop/git_ws/my_mobile/build/my_robot_description -- -j8 -l8
[0.209s] Invoking command in '/home/rds/Desktop/git_ws/my_mobile/build/my_robot_description': CMAKE_PREFIX_PATH=/opt/ros/humble /usr/bin/cmake --install /home/rds/Desktop/git_ws/my_mobile/build/my_robot_description
[0.214s] -- Install configuration: ""
[0.214s] -- Installing: /home/rds/Desktop/git_ws/my_mobile/install/my_robot_description/share/my_robot_description/rviz
[0.214s] -- Installing: /home/rds/Desktop/git_ws/my_mobile/install/my_robot_description/share/my_robot_description/urdf
[0.214s] -- Installing: /home/rds/Desktop/git_ws/my_mobile/install/my_robot_description/share/my_robot_description/urdf/robot_core.xacro
[0.214s] -- Installing: /home/rds/Desktop/git_ws/my_mobile/install/my_robot_description/share/my_robot_description/launch
[0.214s] -- Installing: /home/rds/Desktop/git_ws/my_mobile/install/my_robot_description/share/my_robot_description/launch/display.launch.xml
[0.214s] -- Installing: /home/rds/Desktop/git_ws/my_mobile/install/my_robot_description/share/my_robot_description/meshes
[0.214s] -- Installing: /home/rds/Desktop/git_ws/my_mobile/install/my_robot_description/share/my_robot_description/meshes/visual
[0.214s] -- Installing: /home/rds/Desktop/git_ws/my_mobile/install/my_robot_description/share/my_robot_description/meshes/visual/ul_sensor.dae
[0.214s] -- Installing: /home/rds/Desktop/git_ws/my_mobile/install/my_robot_description/share/my_robot_description/meshes/visual/ydlidar_x2_assy.dae
[0.221s] -- Installing: /home/rds/Desktop/git_ws/my_mobile/install/my_robot_description/share/my_robot_description/meshes/visual/wheel.png
[0.221s] -- Installing: /home/rds/Desktop/git_ws/my_mobile/install/my_robot_description/share/my_robot_description/meshes/visual/front_camera.png
[0.222s] -- Installing: /home/rds/Desktop/git_ws/my_mobile/install/my_robot_description/share/my_robot_description/meshes/visual/front_camera.dae
[0.222s] -- Installing: /home/rds/Desktop/git_ws/my_mobile/install/my_robot_description/share/my_robot_description/meshes/visual/wheel.dae
[0.223s] -- Installing: /home/rds/Desktop/git_ws/my_mobile/install/my_robot_description/share/my_robot_description/meshes/visual/base_link.dae
[0.223s] -- Installing: /home/rds/Desktop/git_ws/my_mobile/install/my_robot_description/share/my_robot_description/meshes/visual/ydlidar_x2.png
[0.223s] -- Installing: /home/rds/Desktop/git_ws/my_mobile/install/my_robot_description/share/my_robot_description/meshes/collision
[0.223s] -- Installing: /home/rds/Desktop/git_ws/my_mobile/install/my_robot_description/share/my_robot_description/meshes/collision/ydlidar_x2_assy.stl
[0.224s] -- Installing: /home/rds/Desktop/git_ws/my_mobile/install/my_robot_description/share/my_robot_description/meshes/collision/ul_sensor.stl
[0.224s] -- Installing: /home/rds/Desktop/git_ws/my_mobile/install/my_robot_description/share/my_robot_description/meshes/collision/front_camera.stl
[0.224s] -- Installing: /home/rds/Desktop/git_ws/my_mobile/install/my_robot_description/share/my_robot_description/meshes/collision/wheel.stl
[0.224s] -- Installing: /home/rds/Desktop/git_ws/my_mobile/install/my_robot_description/share/my_robot_description/meshes/collision/base_link.stl
[0.224s] -- Installing: /home/rds/Desktop/git_ws/my_mobile/install/my_robot_description/share/ament_index/resource_index/package_run_dependencies/my_robot_description
[0.224s] -- Installing: /home/rds/Desktop/git_ws/my_mobile/install/my_robot_description/share/ament_index/resource_index/parent_prefix_path/my_robot_description
[0.224s] -- Installing: /home/rds/Desktop/git_ws/my_mobile/install/my_robot_description/share/my_robot_description/environment/ament_prefix_path.sh
[0.224s] -- Installing: /home/rds/Desktop/git_ws/my_mobile/install/my_robot_description/share/my_robot_description/environment/ament_prefix_path.dsv
[0.224s] -- Installing: /home/rds/Desktop/git_ws/my_mobile/install/my_robot_description/share/my_robot_description/environment/path.sh
[0.225s] -- Installing: /home/rds/Desktop/git_ws/my_mobile/install/my_robot_description/share/my_robot_description/environment/path.dsv
[0.225s] -- Installing: /home/rds/Desktop/git_ws/my_mobile/install/my_robot_description/share/my_robot_description/local_setup.bash
[0.225s] -- Installing: /home/rds/Desktop/git_ws/my_mobile/install/my_robot_description/share/my_robot_description/local_setup.sh
[0.225s] -- Installing: /home/rds/Desktop/git_ws/my_mobile/install/my_robot_description/share/my_robot_description/local_setup.zsh
[0.225s] -- Installing: /home/rds/Desktop/git_ws/my_mobile/install/my_robot_description/share/my_robot_description/local_setup.dsv
[0.225s] -- Installing: /home/rds/Desktop/git_ws/my_mobile/install/my_robot_description/share/my_robot_description/package.dsv
[0.225s] -- Installing: /home/rds/Desktop/git_ws/my_mobile/install/my_robot_description/share/ament_index/resource_index/packages/my_robot_description
[0.225s] -- Installing: /home/rds/Desktop/git_ws/my_mobile/install/my_robot_description/share/my_robot_description/cmake/my_robot_descriptionConfig.cmake
[0.225s] -- Installing: /home/rds/Desktop/git_ws/my_mobile/install/my_robot_description/share/my_robot_description/cmake/my_robot_descriptionConfig-version.cmake
[0.225s] -- Installing: /home/rds/Desktop/git_ws/my_mobile/install/my_robot_description/share/my_robot_description/package.xml
[0.227s] Invoked command in '/home/rds/Desktop/git_ws/my_mobile/build/my_robot_description' returned '0': CMAKE_PREFIX_PATH=/opt/ros/humble /usr/bin/cmake --install /home/rds/Desktop/git_ws/my_mobile/build/my_robot_description
